{"numFailedTestSuites":7,"numFailedTests":45,"numPassedTestSuites":32,"numPassedTests":385,"numPendingTestSuites":0,"numPendingTests":0,"numRuntimeErrorTestSuites":0,"numTodoTests":0,"numTotalTestSuites":39,"numTotalTests":430,"openHandles":[],"snapshot":{"added":0,"didUpdate":false,"failure":false,"filesAdded":0,"filesRemoved":0,"filesRemovedList":[],"filesUnmatched":0,"filesUpdated":0,"matched":0,"total":0,"unchecked":0,"uncheckedKeysByFile":[],"unmatched":0,"updated":0},"startTime":1783962179762,"success":false,"testResults":[{"assertionResults":[{"ancestorTitles":["FeedPage"],"duration":60,"failing":false,"failureDetails":[],"failureMessages":[],"fullName":"FeedPage should render the Feed component","invocations":1,"location":null,"numPassingAsserts":1,"retryReasons":[],"startAt":1783962183348,"status":"passed","title":"should render the Feed component"},{"ancestorTitles":["FeedPage"],"duration":15,"failing":false,"failureDetails":[{"name":"TestingLibraryElementError"}],"failureMessages":["TestingLibraryElementError: Unable to find an element by: [data-testid=\"feed-right-sidebar\"]\n\nIgnored nodes: comments, script, style\n\u001b[36m<body>\u001b[39m\n  \u001b[36m<div>\u001b[39m\n    \u001b[36m<div\u001b[39m\n      \u001b[33mclass\u001b[39m=\u001b[32m\"w-full min-h-screen bg-canvas\"\u001b[39m\n    \u001b[36m>\u001b[39m\n      \u001b[36m<div\u001b[39m\n        \u001b[33mdata-testid\u001b[39m=\u001b[32m\"feed\"\u001b[39m\n      \u001b[36m>\u001b[39m\n        \u001b[0mFeed\u001b[0m\n      \u001b[36m</div>\u001b[39m\n    \u001b[36m</div>\u001b[39m\n  \u001b[36m</div>\u001b[39m\n\u001b[36m</body>\u001b[39m\n    at Object.getElementError (D:\\ON Going Projects\\ON Going Projects\\Campus Connect\\node_modules\\@testing-library\\dom\\dist\\config.js:37:19)\n    at D:\\ON Going Projects\\ON Going Projects\\Campus Connect\\node_modules\\@testing-library\\dom\\dist\\query-helpers.js:76:38\n    at D:\\ON Going Projects\\ON Going Projects\\Campus Connect\\node_modules\\@testing-library\\dom\\dist\\query-helpers.js:52:17\n    at D:\\ON Going Projects\\ON Going Projects\\Campus Connect\\node_modules\\@testing-library\\dom\\dist\\query-helpers.js:95:19\n    at Object.getByTestId (D:\\ON Going Projects\\ON Going Projects\\Campus Connect\\src\\app\\(dashboard)\\feed\\page.test.tsx:25:19)\n    at Promise.finally.completed (D:\\ON Going Projects\\ON Going Projects\\Campus Connect\\node_modules\\jest-circus\\build\\jestAdapterInit.js:1561:28)\n    at new Promise (<anonymous>)\n    at callAsyncCircusFn (D:\\ON Going Projects\\ON Going Projects\\Campus Connect\\node_modules\\jest-circus\\build\\jestAdapterInit.js:1501:10)\n    at _callCircusTest (D:\\ON Going Projects\\ON Going Projects\\Campus Connect\\node_modules\\jest-circus\\build\\jestAdapterInit.js:1011:40)\n    at processTicksAndRejections (node:internal/process/task_queues:104:5)\n    at _runTest (D:\\ON Going Projects\\ON Going Projects\\Campus Connect\\node_modules\\jest-circus\\build\\jestAdapterInit.js:951:3)\n    at D:\\ON Going Projects\\ON Going Projects\\Campus Connect\\node_modules\\jest-circus\\build\\jestAdapterInit.js:853:7\n    at _runTestsForDescribeBlock (D:\\ON Going Projects\\ON Going Projects\\Campus Connect\\node_modules\\jest-circus\\build\\jestAdapterInit.js:866:11)\n    at _runTestsForDescribeBlock (D:\\ON Going Projects\\ON Going Projects\\Campus Connect\\node_modules\\jest-circus\\build\\jestAdapterInit.js:861:11)\n    at run (D:\\ON Going Projects\\ON Going Projects\\Campus Connect\\node_modules\\jest-circus\\build\\jestAdapterInit.js:765:3)\n    at runAndTransformResultsToJestFormat (D:\\ON Going Projects\\ON Going Projects\\Campus Connect\\node_modules\\jest-circus\\build\\jestAdapterInit.js:1993:21)\n    at jestAdapter (D:\\ON Going Projects\\ON Going Projects\\Campus Connect\\node_modules\\jest-circus\\build\\runner.js:111:19)\n    at runTestInternal (D:\\ON Going Projects\\ON Going Projects\\Campus Connect\\node_modules\\jest-runner\\build\\testWorker.js:276:16)\n    at runTest (D:\\ON Going Projects\\ON Going Projects\\Campus Connect\\node_modules\\jest-runner\\build\\testWorker.js:344:7)\n    at Object.worker (D:\\ON Going Projects\\ON Going Projects\\Campus Connect\\node_modules\\jest-runner\\build\\testWorker.js:498:12)"],"fullName":"FeedPage should render the FeedRightSidebar component","invocations":1,"location":null,"numPassingAsserts":0,"retryReasons":[],"startAt":1783962183409,"status":"failed","title":"should render the FeedRightSidebar component"},{"ancestorTitles":["FeedPage"],"duration":14,"failing":false,"failureDetails":[{"message":"expect(received).toBeInTheDocument()\n\nreceived value must be an HTMLElement or an SVGElement.\nReceived has value: null"}],"failureMessages":["Error: expect(received).toBeInTheDocument()\n\nreceived value must be an HTMLElement or an SVGElement.\nReceived has value: null\n    at __EXTERNAL_MATCHER_TRAP__ (D:\\ON Going Projects\\ON Going Projects\\Campus Connect\\node_modules\\expect\\build\\index.js:2240:22)\n    at Object.throwingMatcher [as toBeInTheDocument] (D:\\ON Going Projects\\ON Going Projects\\Campus Connect\\node_modules\\expect\\build\\index.js:2241:6)\n    at Object.toBeInTheDocument (D:\\ON Going Projects\\ON Going Projects\\Campus Connect\\src\\app\\(dashboard)\\feed\\page.test.tsx:31:18)\n    at Promise.finally.completed (D:\\ON Going Projects\\ON Going Projects\\Campus Connect\\node_modules\\jest-circus\\build\\jestAdapterInit.js:1561:28)\n    at new Promise (<anonymous>)\n    at callAsyncCircusFn (D:\\ON Going Projects\\ON Going Projects\\Campus Connect\\node_modules\\jest-circus\\build\\jestAdapterInit.js:1501:10)\n    at _callCircusTest (D:\\ON Going Projects\\ON Going Projects\\Campus Connect\\node_modules\\jest-circus\\build\\jestAdapterInit.js:1011:40)\n    at processTicksAndRejections (node:internal/process/task_queues:104:5)\n    at _runTest (D:\\ON Going Projects\\ON Going Projects\\Campus Connect\\node_modules\\jest-circus\\build\\jestAdapterInit.js:951:3)\n    at D:\\ON Going Projects\\ON Going Projects\\Campus Connect\\node_modules\\jest-circus\\build\\jestAdapterInit.js:853:7\n    at _runTestsForDescribeBlock (D:\\ON Going Projects\\ON Going Projects\\Campus Connect\\node_modules\\jest-circus\\build\\jestAdapterInit.js:866:11)\n    at _runTestsForDescribeBlock (D:\\ON Going Projects\\ON Going Projects\\Campus Connect\\node_modules\\jest-circus\\build\\jestAdapterInit.js:861:11)\n    at run (D:\\ON Going Projects\\ON Going Projects\\Campus Connect\\node_modules\\jest-circus\\build\\jestAdapterInit.js:765:3)\n    at runAndTransformResultsToJestFormat (D:\\ON Going Projects\\ON Going Projects\\Campus Connect\\node_modules\\jest-circus\\build\\jestAdapterInit.js:1993:21)\n    at jestAdapter (D:\\ON Going Projects\\ON Going Projects\\Campus Connect\\node_modules\\jest-circus\\build\\runner.js:111:19)\n    at runTestInternal (D:\\ON Going Projects\\ON Going Projects\\Campus Connect\\node_modules\\jest-runner\\build\\testWorker.js:276:16)\n    at runTest (D:\\ON Going Projects\\ON Going Projects\\Campus Connect\\node_modules\\jest-runner\\build\\testWorker.js:344:7)\n    at Object.worker (D:\\ON Going Projects\\ON Going Projects\\Campus Connect\\node_modules\\jest-runner\\build\\testWorker.js:498:12)"],"fullName":"FeedPage should have a grid layout container","invocations":1,"location":null,"numPassingAsserts":0,"retryReasons":[],"startAt":1783962183441,"status":"failed","title":"should have a grid layout container"}],"endTime":1783962183539,"message":"  ● FeedPage › should render the FeedRightSidebar component\n\n    TestingLibraryElementError: Unable to find an element by: [data-testid=\"feed-right-sidebar\"]\n\n    Ignored nodes: comments, script, style\n    \u001b[36m<body>\u001b[39m\n      \u001b[36m<div>\u001b[39m\n        \u001b[36m<div\u001b[39m\n          \u001b[33mclass\u001b[39m=\u001b[32m\"w-full min-h-screen bg-canvas\"\u001b[39m\n        \u001b[36m>\u001b[39m\n          \u001b[36m<div\u001b[39m\n            \u001b[33mdata-testid\u001b[39m=\u001b[32m\"feed\"\u001b[39m\n          \u001b[36m>\u001b[39m\n            \u001b[0mFeed\u001b[0m\n          \u001b[36m</div>\u001b[39m\n        \u001b[36m</div>\u001b[39m\n      \u001b[36m</div>\u001b[39m\n    \u001b[36m</body>\u001b[39m\n\n    \u001b[0m \u001b[90m 23 |\u001b[39m   it(\u001b[32m\"should render the FeedRightSidebar component\"\u001b[39m\u001b[33m,\u001b[39m () \u001b[33m=>\u001b[39m {\n     \u001b[90m 24 |\u001b[39m     render(\u001b[33m<\u001b[39m\u001b[33mFeedPage\u001b[39m \u001b[33m/\u001b[39m\u001b[33m>\u001b[39m)\n    \u001b[31m\u001b[1m>\u001b[22m\u001b[39m\u001b[90m 25 |\u001b[39m     expect(screen\u001b[33m.\u001b[39mgetByTestId(\u001b[32m\"feed-right-sidebar\"\u001b[39m))\u001b[33m.\u001b[39mtoBeInTheDocument()\n     \u001b[90m    |\u001b[39m                   \u001b[31m\u001b[1m^\u001b[22m\u001b[39m\n     \u001b[90m 26 |\u001b[39m   })\n     \u001b[90m 27 |\u001b[39m\n     \u001b[90m 28 |\u001b[39m   it(\u001b[32m\"should have a grid layout container\"\u001b[39m\u001b[33m,\u001b[39m () \u001b[33m=>\u001b[39m {\u001b[0m\n\n      at Object.getElementError (node_modules/@testing-library/dom/dist/config.js:37:19)\n      at node_modules/@testing-library/dom/dist/query-helpers.js:76:38\n      at node_modules/@testing-library/dom/dist/query-helpers.js:52:17\n      at node_modules/@testing-library/dom/dist/query-helpers.js:95:19\n      at Object.getByTestId (D:\\ON Going Projects\\ON Going Projects\\Campus Connect\\src\\app\\(dashboard)../../../feed/page.test.tsx:25:19)\n\n  ● FeedPage › should have a grid layout container\n\n    expect(received).toBeInTheDocument()\n\n    received value must be an HTMLElement or an SVGElement.\n    Received has value: null\n\n    \u001b[0m \u001b[90m 29 |\u001b[39m     \u001b[36mconst\u001b[39m { container } \u001b[33m=\u001b[39m render(\u001b[33m<\u001b[39m\u001b[33mFeedPage\u001b[39m \u001b[33m/\u001b[39m\u001b[33m>\u001b[39m)\n     \u001b[90m 30 |\u001b[39m     \u001b[36mconst\u001b[39m grid \u001b[33m=\u001b[39m container\u001b[33m.\u001b[39mquerySelector(\u001b[32m\".grid\"\u001b[39m)\n    \u001b[31m\u001b[1m>\u001b[22m\u001b[39m\u001b[90m 31 |\u001b[39m     expect(grid)\u001b[33m.\u001b[39mtoBeInTheDocument()\n     \u001b[90m    |\u001b[39m                  \u001b[31m\u001b[1m^\u001b[22m\u001b[39m\n     \u001b[90m 32 |\u001b[39m   })\n     \u001b[90m 33 |\u001b[39m })\n     \u001b[90m 34 |\u001b[39m\u001b[0m\n\n      at __EXTERNAL_MATCHER_TRAP__ (node_modules/expect/build/index.js:2240:22)\n      at Object.throwingMatcher [as toBeInTheDocument] (node_modules/expect/build/index.js:2241:6)\n      at Object.toBeInTheDocument (D:\\ON Going Projects\\ON Going Projects\\Campus Connect\\src\\app\\(dashboard)../../../feed/page.test.tsx:31:18)\n","name":"D:\\ON Going Projects\\ON Going Projects\\Campus Connect\\src\\app\\(dashboard)\\feed\\page.test.tsx","startTime":1783962181806,"status":"failed","summary":""},{"assertionResults":[{"ancestorTitles":["DashboardLayout"],"duration":176,"failing":false,"failureDetails":[{"name":"TestingLibraryElementError"}],"failureMessages":["TestingLibraryElementError: Unable to find an accessible element with the role \"navigation\"\n\nHere are the accessible roles:\n\n  complementary:\n\n  Name \"\":\n  \u001b[36m<aside\u001b[39m\n    \u001b[33mclass\u001b[39m=\u001b[32m\"hidden md:flex flex-shrink-0\"\u001b[39m\n  \u001b[36m/>\u001b[39m\n\n  --------------------------------------------------\n  main:\n\n  Name \"\":\n  \u001b[36m<main\u001b[39m\n    \u001b[33mrole\u001b[39m=\u001b[32m\"main\"\u001b[39m\n  \u001b[36m/>\u001b[39m\n\n  --------------------------------------------------\n\nIgnored nodes: comments, script, style\n\u001b[36m<body>\u001b[39m\n  \u001b[36m<div>\u001b[39m\n    \u001b[36m<div>\u001b[39m\n      \u001b[36m<aside\u001b[39m\n        \u001b[33mclass\u001b[39m=\u001b[32m\"hidden md:flex flex-shrink-0\"\u001b[39m\n      \u001b[36m/>\u001b[39m\n      \u001b[36m<main\u001b[39m\n        \u001b[33mrole\u001b[39m=\u001b[32m\"main\"\u001b[39m\n      \u001b[36m>\u001b[39m\n        \u001b[36m<div>\u001b[39m\n          \u001b[0mTest Content\u001b[0m\n        \u001b[36m</div>\u001b[39m\n      \u001b[36m</main>\u001b[39m\n      \u001b[36m<div\u001b[39m\n        \u001b[33mclass\u001b[39m=\u001b[32m\"md:hidden\"\u001b[39m\n      \u001b[36m/>\u001b[39m\n    \u001b[36m</div>\u001b[39m\n  \u001b[36m</div>\u001b[39m\n\u001b[36m</body>\u001b[39m\n    at Object.getElementError (D:\\ON Going Projects\\ON Going Projects\\Campus Connect\\node_modules\\@testing-library\\dom\\dist\\config.js:37:19)\n    at D:\\ON Going Projects\\ON Going Projects\\Campus Connect\\node_modules\\@testing-library\\dom\\dist\\query-helpers.js:76:38\n    at D:\\ON Going Projects\\ON Going Projects\\Campus Connect\\node_modules\\@testing-library\\dom\\dist\\query-helpers.js:52:17\n    at D:\\ON Going Projects\\ON Going Projects\\Campus Connect\\node_modules\\@testing-library\\dom\\dist\\query-helpers.js:95:19\n    at Object.getByRole (D:\\ON Going Projects\\ON Going Projects\\Campus Connect\\src\\app\\(dashboard)\\layout.test.tsx:63:24)\n    at Promise.finally.completed (D:\\ON Going Projects\\ON Going Projects\\Campus Connect\\node_modules\\jest-circus\\build\\jestAdapterInit.js:1561:28)\n    at new Promise (<anonymous>)\n    at callAsyncCircusFn (D:\\ON Going Projects\\ON Going Projects\\Campus Connect\\node_modules\\jest-circus\\build\\jestAdapterInit.js:1501:10)\n    at _callCircusTest (D:\\ON Going Projects\\ON Going Projects\\Campus Connect\\node_modules\\jest-circus\\build\\jestAdapterInit.js:1011:40)\n    at processTicksAndRejections (node:internal/process/task_queues:104:5)\n    at _runTest (D:\\ON Going Projects\\ON Going Projects\\Campus Connect\\node_modules\\jest-circus\\build\\jestAdapterInit.js:951:3)\n    at D:\\ON Going Projects\\ON Going Projects\\Campus Connect\\node_modules\\jest-circus\\build\\jestAdapterInit.js:853:7\n    at _runTestsForDescribeBlock (D:\\ON Going Projects\\ON Going Projects\\Campus Connect\\node_modules\\jest-circus\\build\\jestAdapterInit.js:866:11)\n    at _runTestsForDescribeBlock (D:\\ON Going Projects\\ON Going Projects\\Campus Connect\\node_modules\\jest-circus\\build\\jestAdapterInit.js:861:11)\n    at run (D:\\ON Going Projects\\ON Going Projects\\Campus Connect\\node_modules\\jest-circus\\build\\jestAdapterInit.js:765:3)\n    at runAndTransformResultsToJestFormat (D:\\ON Going Projects\\ON Going Projects\\Campus Connect\\node_modules\\jest-circus\\build\\jestAdapterInit.js:1993:21)\n    at jestAdapter (D:\\ON Going Projects\\ON Going Projects\\Campus Connect\\node_modules\\jest-circus\\build\\runner.js:111:19)\n    at runTestInternal (D:\\ON Going Projects\\ON Going Projects\\Campus Connect\\node_modules\\jest-runner\\build\\testWorker.js:276:16)\n    at runTest (D:\\ON Going Projects\\ON Going Projects\\Campus Connect\\node_modules\\jest-runner\\build\\testWorker.js:344:7)\n    at Object.worker (D:\\ON Going Projects\\ON Going Projects\\Campus Connect\\node_modules\\jest-runner\\build\\testWorker.js:498:12)"],"fullName":"DashboardLayout should render navigation bar","invocations":1,"location":null,"numPassingAsserts":0,"retryReasons":[],"startAt":1783962183290,"status":"failed","title":"should render navigation bar"},{"ancestorTitles":["DashboardLayout"],"duration":14,"failing":false,"failureDetails":[{"name":"TestingLibraryElementError"}],"failureMessages":["TestingLibraryElementError: Unable to find an element with the text: Campus Connect. This could be because the text is broken up by multiple elements. In this case, you can provide a function for your text matcher to make your matcher more flexible.\n\nIgnored nodes: comments, script, style\n\u001b[36m<body>\u001b[39m\n  \u001b[36m<div>\u001b[39m\n    \u001b[36m<div>\u001b[39m\n      \u001b[36m<aside\u001b[39m\n        \u001b[33mclass\u001b[39m=\u001b[32m\"hidden md:flex flex-shrink-0\"\u001b[39m\n      \u001b[36m/>\u001b[39m\n      \u001b[36m<main\u001b[39m\n        \u001b[33mrole\u001b[39m=\u001b[32m\"main\"\u001b[39m\n      \u001b[36m>\u001b[39m\n        \u001b[36m<div>\u001b[39m\n          \u001b[0mTest Content\u001b[0m\n        \u001b[36m</div>\u001b[39m\n      \u001b[36m</main>\u001b[39m\n      \u001b[36m<div\u001b[39m\n        \u001b[33mclass\u001b[39m=\u001b[32m\"md:hidden\"\u001b[39m\n      \u001b[36m/>\u001b[39m\n    \u001b[36m</div>\u001b[39m\n  \u001b[36m</div>\u001b[39m\n\u001b[36m</body>\u001b[39m\n    at Object.getElementError (D:\\ON Going Projects\\ON Going Projects\\Campus Connect\\node_modules\\@testing-library\\dom\\dist\\config.js:37:19)\n    at D:\\ON Going Projects\\ON Going Projects\\Campus Connect\\node_modules\\@testing-library\\dom\\dist\\query-helpers.js:76:38\n    at D:\\ON Going Projects\\ON Going Projects\\Campus Connect\\node_modules\\@testing-library\\dom\\dist\\query-helpers.js:109:15\n    at Object.getAllByText (D:\\ON Going Projects\\ON Going Projects\\Campus Connect\\src\\app\\(dashboard)\\layout.test.tsx:74:27)\n    at Promise.finally.completed (D:\\ON Going Projects\\ON Going Projects\\Campus Connect\\node_modules\\jest-circus\\build\\jestAdapterInit.js:1561:28)\n    at new Promise (<anonymous>)\n    at callAsyncCircusFn (D:\\ON Going Projects\\ON Going Projects\\Campus Connect\\node_modules\\jest-circus\\build\\jestAdapterInit.js:1501:10)\n    at _callCircusTest (D:\\ON Going Projects\\ON Going Projects\\Campus Connect\\node_modules\\jest-circus\\build\\jestAdapterInit.js:1011:40)\n    at processTicksAndRejections (node:internal/process/task_queues:104:5)\n    at _runTest (D:\\ON Going Projects\\ON Going Projects\\Campus Connect\\node_modules\\jest-circus\\build\\jestAdapterInit.js:951:3)\n    at D:\\ON Going Projects\\ON Going Projects\\Campus Connect\\node_modules\\jest-circus\\build\\jestAdapterInit.js:853:7\n    at _runTestsForDescribeBlock (D:\\ON Going Projects\\ON Going Projects\\Campus Connect\\node_modules\\jest-circus\\build\\jestAdapterInit.js:866:11)\n    at _runTestsForDescribeBlock (D:\\ON Going Projects\\ON Going Projects\\Campus Connect\\node_modules\\jest-circus\\build\\jestAdapterInit.js:861:11)\n    at run (D:\\ON Going Projects\\ON Going Projects\\Campus Connect\\node_modules\\jest-circus\\build\\jestAdapterInit.js:765:3)\n    at runAndTransformResultsToJestFormat (D:\\ON Going Projects\\ON Going Projects\\Campus Connect\\node_modules\\jest-circus\\build\\jestAdapterInit.js:1993:21)\n    at jestAdapter (D:\\ON Going Projects\\ON Going Projects\\Campus Connect\\node_modules\\jest-circus\\build\\runner.js:111:19)\n    at runTestInternal (D:\\ON Going Projects\\ON Going Projects\\Campus Connect\\node_modules\\jest-runner\\build\\testWorker.js:276:16)\n    at runTest (D:\\ON Going Projects\\ON Going Projects\\Campus Connect\\node_modules\\jest-runner\\build\\testWorker.js:344:7)\n    at Object.worker (D:\\ON Going Projects\\ON Going Projects\\Campus Connect\\node_modules\\jest-runner\\build\\testWorker.js:498:12)"],"fullName":"DashboardLayout should display Campus Connect brand","invocations":1,"location":null,"numPassingAsserts":0,"retryReasons":[],"startAt":1783962183481,"status":"failed","title":"should display Campus Connect brand"},{"ancestorTitles":["DashboardLayout"],"duration":11,"failing":false,"failureDetails":[{"name":"TestingLibraryElementError"}],"failureMessages":["TestingLibraryElementError: Unable to find an element with the text: Feed. This could be because the text is broken up by multiple elements. In this case, you can provide a function for your text matcher to make your matcher more flexible.\n\nIgnored nodes: comments, script, style\n\u001b[36m<body>\u001b[39m\n  \u001b[36m<div>\u001b[39m\n    \u001b[36m<div>\u001b[39m\n      \u001b[36m<aside\u001b[39m\n        \u001b[33mclass\u001b[39m=\u001b[32m\"hidden md:flex flex-shrink-0\"\u001b[39m\n      \u001b[36m/>\u001b[39m\n      \u001b[36m<main\u001b[39m\n        \u001b[33mrole\u001b[39m=\u001b[32m\"main\"\u001b[39m\n      \u001b[36m>\u001b[39m\n        \u001b[36m<div>\u001b[39m\n          \u001b[0mTest Content\u001b[0m\n        \u001b[36m</div>\u001b[39m\n      \u001b[36m</main>\u001b[39m\n      \u001b[36m<div\u001b[39m\n        \u001b[33mclass\u001b[39m=\u001b[32m\"md:hidden\"\u001b[39m\n      \u001b[36m/>\u001b[39m\n    \u001b[36m</div>\u001b[39m\n  \u001b[36m</div>\u001b[39m\n\u001b[36m</body>\u001b[39m\n    at Object.getElementError (D:\\ON Going Projects\\ON Going Projects\\Campus Connect\\node_modules\\@testing-library\\dom\\dist\\config.js:37:19)\n    at D:\\ON Going Projects\\ON Going Projects\\Campus Connect\\node_modules\\@testing-library\\dom\\dist\\query-helpers.js:76:38\n    at D:\\ON Going Projects\\ON Going Projects\\Campus Connect\\node_modules\\@testing-library\\dom\\dist\\query-helpers.js:52:17\n    at D:\\ON Going Projects\\ON Going Projects\\Campus Connect\\node_modules\\@testing-library\\dom\\dist\\query-helpers.js:95:19\n    at Object.getByText (D:\\ON Going Projects\\ON Going Projects\\Campus Connect\\src\\app\\(dashboard)\\layout.test.tsx:85:19)\n    at Promise.finally.completed (D:\\ON Going Projects\\ON Going Projects\\Campus Connect\\node_modules\\jest-circus\\build\\jestAdapterInit.js:1561:28)\n    at new Promise (<anonymous>)\n    at callAsyncCircusFn (D:\\ON Going Projects\\ON Going Projects\\Campus Connect\\node_modules\\jest-circus\\build\\jestAdapterInit.js:1501:10)\n    at _callCircusTest (D:\\ON Going Projects\\ON Going Projects\\Campus Connect\\node_modules\\jest-circus\\build\\jestAdapterInit.js:1011:40)\n    at processTicksAndRejections (node:internal/process/task_queues:104:5)\n    at _runTest (D:\\ON Going Projects\\ON Going Projects\\Campus Connect\\node_modules\\jest-circus\\build\\jestAdapterInit.js:951:3)\n    at D:\\ON Going Projects\\ON Going Projects\\Campus Connect\\node_modules\\jest-circus\\build\\jestAdapterInit.js:853:7\n    at _runTestsForDescribeBlock (D:\\ON Going Projects\\ON Going Projects\\Campus Connect\\node_modules\\jest-circus\\build\\jestAdapterInit.js:866:11)\n    at _runTestsForDescribeBlock (D:\\ON Going Projects\\ON Going Projects\\Campus Connect\\node_modules\\jest-circus\\build\\jestAdapterInit.js:861:11)\n    at run (D:\\ON Going Projects\\ON Going Projects\\Campus Connect\\node_modules\\jest-circus\\build\\jestAdapterInit.js:765:3)\n    at runAndTransformResultsToJestFormat (D:\\ON Going Projects\\ON Going Projects\\Campus Connect\\node_modules\\jest-circus\\build\\jestAdapterInit.js:1993:21)\n    at jestAdapter (D:\\ON Going Projects\\ON Going Projects\\Campus Connect\\node_modules\\jest-circus\\build\\runner.js:111:19)\n    at runTestInternal (D:\\ON Going Projects\\ON Going Projects\\Campus Connect\\node_modules\\jest-runner\\build\\testWorker.js:276:16)\n    at runTest (D:\\ON Going Projects\\ON Going Projects\\Campus Connect\\node_modules\\jest-runner\\build\\testWorker.js:344:7)\n    at Object.worker (D:\\ON Going Projects\\ON Going Projects\\Campus Connect\\node_modules\\jest-runner\\build\\testWorker.js:498:12)"],"fullName":"DashboardLayout should render navigation links","invocations":1,"location":null,"numPassingAsserts":0,"retryReasons":[],"startAt":1783962183497,"status":"failed","title":"should render navigation links"},{"ancestorTitles":["DashboardLayout"],"duration":11,"failing":false,"failureDetails":[{"name":"TestingLibraryElementError"}],"failureMessages":["TestingLibraryElementError: Unable to find an element by: [data-testid=\"user-button\"]\n\nIgnored nodes: comments, script, style\n\u001b[36m<body>\u001b[39m\n  \u001b[36m<div>\u001b[39m\n    \u001b[36m<div>\u001b[39m\n      \u001b[36m<aside\u001b[39m\n        \u001b[33mclass\u001b[39m=\u001b[32m\"hidden md:flex flex-shrink-0\"\u001b[39m\n      \u001b[36m/>\u001b[39m\n      \u001b[36m<main\u001b[39m\n        \u001b[33mrole\u001b[39m=\u001b[32m\"main\"\u001b[39m\n      \u001b[36m>\u001b[39m\n        \u001b[36m<div>\u001b[39m\n          \u001b[0mTest Content\u001b[0m\n        \u001b[36m</div>\u001b[39m\n      \u001b[36m</main>\u001b[39m\n      \u001b[36m<div\u001b[39m\n        \u001b[33mclass\u001b[39m=\u001b[32m\"md:hidden\"\u001b[39m\n      \u001b[36m/>\u001b[39m\n    \u001b[36m</div>\u001b[39m\n  \u001b[36m</div>\u001b[39m\n\u001b[36m</body>\u001b[39m\n    at Object.getElementError (D:\\ON Going Projects\\ON Going Projects\\Campus Connect\\node_modules\\@testing-library\\dom\\dist\\config.js:37:19)\n    at D:\\ON Going Projects\\ON Going Projects\\Campus Connect\\node_modules\\@testing-library\\dom\\dist\\query-helpers.js:76:38\n    at D:\\ON Going Projects\\ON Going Projects\\Campus Connect\\node_modules\\@testing-library\\dom\\dist\\query-helpers.js:52:17\n    at D:\\ON Going Projects\\ON Going Projects\\Campus Connect\\node_modules\\@testing-library\\dom\\dist\\query-helpers.js:95:19\n    at Object.getByTestId (D:\\ON Going Projects\\ON Going Projects\\Campus Connect\\src\\app\\(dashboard)\\layout.test.tsx:98:31)\n    at Promise.finally.completed (D:\\ON Going Projects\\ON Going Projects\\Campus Connect\\node_modules\\jest-circus\\build\\jestAdapterInit.js:1561:28)\n    at new Promise (<anonymous>)\n    at callAsyncCircusFn (D:\\ON Going Projects\\ON Going Projects\\Campus Connect\\node_modules\\jest-circus\\build\\jestAdapterInit.js:1501:10)\n    at _callCircusTest (D:\\ON Going Projects\\ON Going Projects\\Campus Connect\\node_modules\\jest-circus\\build\\jestAdapterInit.js:1011:40)\n    at processTicksAndRejections (node:internal/process/task_queues:104:5)\n    at _runTest (D:\\ON Going Projects\\ON Going Projects\\Campus Connect\\node_modules\\jest-circus\\build\\jestAdapterInit.js:951:3)\n    at D:\\ON Going Projects\\ON Going Projects\\Campus Connect\\node_modules\\jest-circus\\build\\jestAdapterInit.js:853:7\n    at _runTestsForDescribeBlock (D:\\ON Going Projects\\ON Going Projects\\Campus Connect\\node_modules\\jest-circus\\build\\jestAdapterInit.js:866:11)\n    at _runTestsForDescribeBlock (D:\\ON Going Projects\\ON Going Projects\\Campus Connect\\node_modules\\jest-circus\\build\\jestAdapterInit.js:861:11)\n    at run (D:\\ON Going Projects\\ON Going Projects\\Campus Connect\\node_modules\\jest-circus\\build\\jestAdapterInit.js:765:3)\n    at runAndTransformResultsToJestFormat (D:\\ON Going Projects\\ON Going Projects\\Campus Connect\\node_modules\\jest-circus\\build\\jestAdapterInit.js:1993:21)\n    at jestAdapter (D:\\ON Going Projects\\ON Going Projects\\Campus Connect\\node_modules\\jest-circus\\build\\runner.js:111:19)\n    at runTestInternal (D:\\ON Going Projects\\ON Going Projects\\Campus Connect\\node_modules\\jest-runner\\build\\testWorker.js:276:16)\n    at runTest (D:\\ON Going Projects\\ON Going Projects\\Campus Connect\\node_modules\\jest-runner\\build\\testWorker.js:344:7)\n    at Object.worker (D:\\ON Going Projects\\ON Going Projects\\Campus Connect\\node_modules\\jest-runner\\build\\testWorker.js:498:12)"],"fullName":"DashboardLayout should render UserButton","invocations":1,"location":null,"numPassingAsserts":0,"retryReasons":[],"startAt":1783962183510,"status":"failed","title":"should render UserButton"},{"ancestorTitles":["DashboardLayout"],"duration":16,"failing":false,"failureDetails":[],"failureMessages":[],"fullName":"DashboardLayout should render children content","invocations":1,"location":null,"numPassingAsserts":2,"retryReasons":[],"startAt":1783962183522,"status":"passed","title":"should render children content"},{"ancestorTitles":["DashboardLayout"],"duration":18,"failing":false,"failureDetails":[],"failureMessages":[],"fullName":"DashboardLayout should have proper layout structure with main element","invocations":1,"location":null,"numPassingAsserts":1,"retryReasons":[],"startAt":1783962183539,"status":"passed","title":"should have proper layout structure with main element"},{"ancestorTitles":["DashboardLayout"],"duration":15,"failing":false,"failureDetails":[{"name":"TestingLibraryElementError"}],"failureMessages":["TestingLibraryElementError: Unable to find an element with the text: Feed. This could be because the text is broken up by multiple elements. In this case, you can provide a function for your text matcher to make your matcher more flexible.\n\nIgnored nodes: comments, script, style\n\u001b[36m<body>\u001b[39m\n  \u001b[36m<div>\u001b[39m\n    \u001b[36m<div>\u001b[39m\n      \u001b[36m<aside\u001b[39m\n        \u001b[33mclass\u001b[39m=\u001b[32m\"hidden md:flex flex-shrink-0\"\u001b[39m\n      \u001b[36m/>\u001b[39m\n      \u001b[36m<main\u001b[39m\n        \u001b[33mrole\u001b[39m=\u001b[32m\"main\"\u001b[39m\n      \u001b[36m>\u001b[39m\n        \u001b[36m<div>\u001b[39m\n          \u001b[0mTest Content\u001b[0m\n        \u001b[36m</div>\u001b[39m\n      \u001b[36m</main>\u001b[39m\n      \u001b[36m<div\u001b[39m\n        \u001b[33mclass\u001b[39m=\u001b[32m\"md:hidden\"\u001b[39m\n      \u001b[36m/>\u001b[39m\n    \u001b[36m</div>\u001b[39m\n  \u001b[36m</div>\u001b[39m\n\u001b[36m</body>\u001b[39m\n    at Object.getElementError (D:\\ON Going Projects\\ON Going Projects\\Campus Connect\\node_modules\\@testing-library\\dom\\dist\\config.js:37:19)\n    at D:\\ON Going Projects\\ON Going Projects\\Campus Connect\\node_modules\\@testing-library\\dom\\dist\\query-helpers.js:76:38\n    at D:\\ON Going Projects\\ON Going Projects\\Campus Connect\\node_modules\\@testing-library\\dom\\dist\\query-helpers.js:52:17\n    at D:\\ON Going Projects\\ON Going Projects\\Campus Connect\\node_modules\\@testing-library\\dom\\dist\\query-helpers.js:95:19\n    at Object.getByText (D:\\ON Going Projects\\ON Going Projects\\Campus Connect\\src\\app\\(dashboard)\\layout.test.tsx:132:29)\n    at Promise.finally.completed (D:\\ON Going Projects\\ON Going Projects\\Campus Connect\\node_modules\\jest-circus\\build\\jestAdapterInit.js:1561:28)\n    at new Promise (<anonymous>)\n    at callAsyncCircusFn (D:\\ON Going Projects\\ON Going Projects\\Campus Connect\\node_modules\\jest-circus\\build\\jestAdapterInit.js:1501:10)\n    at _callCircusTest (D:\\ON Going Projects\\ON Going Projects\\Campus Connect\\node_modules\\jest-circus\\build\\jestAdapterInit.js:1011:40)\n    at processTicksAndRejections (node:internal/process/task_queues:104:5)\n    at _runTest (D:\\ON Going Projects\\ON Going Projects\\Campus Connect\\node_modules\\jest-circus\\build\\jestAdapterInit.js:951:3)\n    at D:\\ON Going Projects\\ON Going Projects\\Campus Connect\\node_modules\\jest-circus\\build\\jestAdapterInit.js:853:7\n    at _runTestsForDescribeBlock (D:\\ON Going Projects\\ON Going Projects\\Campus Connect\\node_modules\\jest-circus\\build\\jestAdapterInit.js:866:11)\n    at _runTestsForDescribeBlock (D:\\ON Going Projects\\ON Going Projects\\Campus Connect\\node_modules\\jest-circus\\build\\jestAdapterInit.js:861:11)\n    at run (D:\\ON Going Projects\\ON Going Projects\\Campus Connect\\node_modules\\jest-circus\\build\\jestAdapterInit.js:765:3)\n    at runAndTransformResultsToJestFormat (D:\\ON Going Projects\\ON Going Projects\\Campus Connect\\node_modules\\jest-circus\\build\\jestAdapterInit.js:1993:21)\n    at jestAdapter (D:\\ON Going Projects\\ON Going Projects\\Campus Connect\\node_modules\\jest-circus\\build\\runner.js:111:19)\n    at runTestInternal (D:\\ON Going Projects\\ON Going Projects\\Campus Connect\\node_modules\\jest-runner\\build\\testWorker.js:276:16)\n    at runTest (D:\\ON Going Projects\\ON Going Projects\\Campus Connect\\node_modules\\jest-runner\\build\\testWorker.js:344:7)\n    at Object.worker (D:\\ON Going Projects\\ON Going Projects\\Campus Connect\\node_modules\\jest-runner\\build\\testWorker.js:498:12)"],"fullName":"DashboardLayout should have navigation links with correct hrefs","invocations":1,"location":null,"numPassingAsserts":0,"retryReasons":[],"startAt":1783962183558,"status":"failed","title":"should have navigation links with correct hrefs"}],"endTime":1783962183635,"message":"  ● DashboardLayout › should render navigation bar\n\n    TestingLibraryElementError: Unable to find an accessible element with the role \"navigation\"\n\n    Here are the accessible roles:\n\n      complementary:\n\n      Name \"\":\n      \u001b[36m<aside\u001b[39m\n        \u001b[33mclass\u001b[39m=\u001b[32m\"hidden md:flex flex-shrink-0\"\u001b[39m\n      \u001b[36m/>\u001b[39m\n\n      --------------------------------------------------\n      main:\n\n      Name \"\":\n      \u001b[36m<main\u001b[39m\n        \u001b[33mrole\u001b[39m=\u001b[32m\"main\"\u001b[39m\n      \u001b[36m/>\u001b[39m\n\n      --------------------------------------------------\n\n    Ignored nodes: comments, script, style\n    \u001b[36m<body>\u001b[39m\n      \u001b[36m<div>\u001b[39m\n        \u001b[36m<div>\u001b[39m\n          \u001b[36m<aside\u001b[39m\n            \u001b[33mclass\u001b[39m=\u001b[32m\"hidden md:flex flex-shrink-0\"\u001b[39m\n          \u001b[36m/>\u001b[39m\n          \u001b[36m<main\u001b[39m\n            \u001b[33mrole\u001b[39m=\u001b[32m\"main\"\u001b[39m\n          \u001b[36m>\u001b[39m\n            \u001b[36m<div>\u001b[39m\n              \u001b[0mTest Content\u001b[0m\n            \u001b[36m</div>\u001b[39m\n          \u001b[36m</main>\u001b[39m\n          \u001b[36m<div\u001b[39m\n            \u001b[33mclass\u001b[39m=\u001b[32m\"md:hidden\"\u001b[39m\n          \u001b[36m/>\u001b[39m\n        \u001b[36m</div>\u001b[39m\n      \u001b[36m</div>\u001b[39m\n    \u001b[36m</body>\u001b[39m\n\n    \u001b[0m \u001b[90m 61 |\u001b[39m     )\n     \u001b[90m 62 |\u001b[39m\n    \u001b[31m\u001b[1m>\u001b[22m\u001b[39m\u001b[90m 63 |\u001b[39m     \u001b[36mconst\u001b[39m nav \u001b[33m=\u001b[39m screen\u001b[33m.\u001b[39mgetByRole(\u001b[32m\"navigation\"\u001b[39m)\n     \u001b[90m    |\u001b[39m                        \u001b[31m\u001b[1m^\u001b[22m\u001b[39m\n     \u001b[90m 64 |\u001b[39m     expect(nav)\u001b[33m.\u001b[39mtoBeInTheDocument()\n     \u001b[90m 65 |\u001b[39m   })\n     \u001b[90m 66 |\u001b[39m\u001b[0m\n\n      at Object.getElementError (node_modules/@testing-library/dom/dist/config.js:37:19)\n      at node_modules/@testing-library/dom/dist/query-helpers.js:76:38\n      at node_modules/@testing-library/dom/dist/query-helpers.js:52:17\n      at node_modules/@testing-library/dom/dist/query-helpers.js:95:19\n      at Object.getByRole (D:\\ON Going Projects\\ON Going Projects\\Campus Connect\\src\\app\\(dashboard)../../../layout.test.tsx:63:24)\n\n  ● DashboardLayout › should display Campus Connect brand\n\n    TestingLibraryElementError: Unable to find an element with the text: Campus Connect. This could be because the text is broken up by multiple elements. In this case, you can provide a function for your text matcher to make your matcher more flexible.\n\n    Ignored nodes: comments, script, style\n    \u001b[36m<body>\u001b[39m\n      \u001b[36m<div>\u001b[39m\n        \u001b[36m<div>\u001b[39m\n          \u001b[36m<aside\u001b[39m\n            \u001b[33mclass\u001b[39m=\u001b[32m\"hidden md:flex flex-shrink-0\"\u001b[39m\n          \u001b[36m/>\u001b[39m\n          \u001b[36m<main\u001b[39m\n            \u001b[33mrole\u001b[39m=\u001b[32m\"main\"\u001b[39m\n          \u001b[36m>\u001b[39m\n            \u001b[36m<div>\u001b[39m\n              \u001b[0mTest Content\u001b[0m\n            \u001b[36m</div>\u001b[39m\n          \u001b[36m</main>\u001b[39m\n          \u001b[36m<div\u001b[39m\n            \u001b[33mclass\u001b[39m=\u001b[32m\"md:hidden\"\u001b[39m\n          \u001b[36m/>\u001b[39m\n        \u001b[36m</div>\u001b[39m\n      \u001b[36m</div>\u001b[39m\n    \u001b[36m</body>\u001b[39m\n\n    \u001b[0m \u001b[90m 72 |\u001b[39m     )\n     \u001b[90m 73 |\u001b[39m\n    \u001b[31m\u001b[1m>\u001b[22m\u001b[39m\u001b[90m 74 |\u001b[39m     \u001b[36mconst\u001b[39m brands \u001b[33m=\u001b[39m screen\u001b[33m.\u001b[39mgetAllByText(\u001b[32m\"Campus Connect\"\u001b[39m)\n     \u001b[90m    |\u001b[39m                           \u001b[31m\u001b[1m^\u001b[22m\u001b[39m\n     \u001b[90m 75 |\u001b[39m     expect(brands\u001b[33m.\u001b[39mlength)\u001b[33m.\u001b[39mtoBeGreaterThan(\u001b[35m0\u001b[39m)\n     \u001b[90m 76 |\u001b[39m   })\n     \u001b[90m 77 |\u001b[39m\u001b[0m\n\n      at Object.getElementError (node_modules/@testing-library/dom/dist/config.js:37:19)\n      at node_modules/@testing-library/dom/dist/query-helpers.js:76:38\n      at node_modules/@testing-library/dom/dist/query-helpers.js:109:15\n      at Object.getAllByText (D:\\ON Going Projects\\ON Going Projects\\Campus Connect\\src\\app\\(dashboard)../../../layout.test.tsx:74:27)\n\n  ● DashboardLayout › should render navigation links\n\n    TestingLibraryElementError: Unable to find an element with the text: Feed. This could be because the text is broken up by multiple elements. In this case, you can provide a function for your text matcher to make your matcher more flexible.\n\n    Ignored nodes: comments, script, style\n    \u001b[36m<body>\u001b[39m\n      \u001b[36m<div>\u001b[39m\n        \u001b[36m<div>\u001b[39m\n          \u001b[36m<aside\u001b[39m\n            \u001b[33mclass\u001b[39m=\u001b[32m\"hidden md:flex flex-shrink-0\"\u001b[39m\n          \u001b[36m/>\u001b[39m\n          \u001b[36m<main\u001b[39m\n            \u001b[33mrole\u001b[39m=\u001b[32m\"main\"\u001b[39m\n          \u001b[36m>\u001b[39m\n            \u001b[36m<div>\u001b[39m\n              \u001b[0mTest Content\u001b[0m\n            \u001b[36m</div>\u001b[39m\n          \u001b[36m</main>\u001b[39m\n          \u001b[36m<div\u001b[39m\n            \u001b[33mclass\u001b[39m=\u001b[32m\"md:hidden\"\u001b[39m\n          \u001b[36m/>\u001b[39m\n        \u001b[36m</div>\u001b[39m\n      \u001b[36m</div>\u001b[39m\n    \u001b[36m</body>\u001b[39m\n\n    \u001b[0m \u001b[90m 83 |\u001b[39m     )\n     \u001b[90m 84 |\u001b[39m\n    \u001b[31m\u001b[1m>\u001b[22m\u001b[39m\u001b[90m 85 |\u001b[39m     expect(screen\u001b[33m.\u001b[39mgetByText(\u001b[32m\"Feed\"\u001b[39m))\u001b[33m.\u001b[39mtoBeInTheDocument()\n     \u001b[90m    |\u001b[39m                   \u001b[31m\u001b[1m^\u001b[22m\u001b[39m\n     \u001b[90m 86 |\u001b[39m     expect(screen\u001b[33m.\u001b[39mgetByText(\u001b[32m\"Discover\"\u001b[39m))\u001b[33m.\u001b[39mtoBeInTheDocument()\n     \u001b[90m 87 |\u001b[39m     expect(screen\u001b[33m.\u001b[39mgetByText(\u001b[32m\"Profile\"\u001b[39m))\u001b[33m.\u001b[39mtoBeInTheDocument()\n     \u001b[90m 88 |\u001b[39m     expect(screen\u001b[33m.\u001b[39mgetByText(\u001b[32m\"Settings\"\u001b[39m))\u001b[33m.\u001b[39mtoBeInTheDocument()\u001b[0m\n\n      at Object.getElementError (node_modules/@testing-library/dom/dist/config.js:37:19)\n      at node_modules/@testing-library/dom/dist/query-helpers.js:76:38\n      at node_modules/@testing-library/dom/dist/query-helpers.js:52:17\n      at node_modules/@testing-library/dom/dist/query-helpers.js:95:19\n      at Object.getByText (D:\\ON Going Projects\\ON Going Projects\\Campus Connect\\src\\app\\(dashboard)../../../layout.test.tsx:85:19)\n\n  ● DashboardLayout › should render UserButton\n\n    TestingLibraryElementError: Unable to find an element by: [data-testid=\"user-button\"]\n\n    Ignored nodes: comments, script, style\n    \u001b[36m<body>\u001b[39m\n      \u001b[36m<div>\u001b[39m\n        \u001b[36m<div>\u001b[39m\n          \u001b[36m<aside\u001b[39m\n            \u001b[33mclass\u001b[39m=\u001b[32m\"hidden md:flex flex-shrink-0\"\u001b[39m\n          \u001b[36m/>\u001b[39m\n          \u001b[36m<main\u001b[39m\n            \u001b[33mrole\u001b[39m=\u001b[32m\"main\"\u001b[39m\n          \u001b[36m>\u001b[39m\n            \u001b[36m<div>\u001b[39m\n              \u001b[0mTest Content\u001b[0m\n            \u001b[36m</div>\u001b[39m\n          \u001b[36m</main>\u001b[39m\n          \u001b[36m<div\u001b[39m\n            \u001b[33mclass\u001b[39m=\u001b[32m\"md:hidden\"\u001b[39m\n          \u001b[36m/>\u001b[39m\n        \u001b[36m</div>\u001b[39m\n      \u001b[36m</div>\u001b[39m\n    \u001b[36m</body>\u001b[39m\n\n    \u001b[0m \u001b[90m  96 |\u001b[39m     )\n     \u001b[90m  97 |\u001b[39m\n    \u001b[31m\u001b[1m>\u001b[22m\u001b[39m\u001b[90m  98 |\u001b[39m     \u001b[36mconst\u001b[39m userButton \u001b[33m=\u001b[39m screen\u001b[33m.\u001b[39mgetByTestId(\u001b[32m\"user-button\"\u001b[39m)\n     \u001b[90m     |\u001b[39m                               \u001b[31m\u001b[1m^\u001b[22m\u001b[39m\n     \u001b[90m  99 |\u001b[39m     expect(userButton)\u001b[33m.\u001b[39mtoBeInTheDocument()\n     \u001b[90m 100 |\u001b[39m   })\n     \u001b[90m 101 |\u001b[39m\u001b[0m\n\n      at Object.getElementError (node_modules/@testing-library/dom/dist/config.js:37:19)\n      at node_modules/@testing-library/dom/dist/query-helpers.js:76:38\n      at node_modules/@testing-library/dom/dist/query-helpers.js:52:17\n      at node_modules/@testing-library/dom/dist/query-helpers.js:95:19\n      at Object.getByTestId (D:\\ON Going Projects\\ON Going Projects\\Campus Connect\\src\\app\\(dashboard)../../../layout.test.tsx:98:31)\n\n  ● DashboardLayout › should have navigation links with correct hrefs\n\n    TestingLibraryElementError: Unable to find an element with the text: Feed. This could be because the text is broken up by multiple elements. In this case, you can provide a function for your text matcher to make your matcher more flexible.\n\n    Ignored nodes: comments, script, style\n    \u001b[36m<body>\u001b[39m\n      \u001b[36m<div>\u001b[39m\n        \u001b[36m<div>\u001b[39m\n          \u001b[36m<aside\u001b[39m\n            \u001b[33mclass\u001b[39m=\u001b[32m\"hidden md:flex flex-shrink-0\"\u001b[39m\n          \u001b[36m/>\u001b[39m\n          \u001b[36m<main\u001b[39m\n            \u001b[33mrole\u001b[39m=\u001b[32m\"main\"\u001b[39m\n          \u001b[36m>\u001b[39m\n            \u001b[36m<div>\u001b[39m\n              \u001b[0mTest Content\u001b[0m\n            \u001b[36m</div>\u001b[39m\n          \u001b[36m</main>\u001b[39m\n          \u001b[36m<div\u001b[39m\n            \u001b[33mclass\u001b[39m=\u001b[32m\"md:hidden\"\u001b[39m\n          \u001b[36m/>\u001b[39m\n        \u001b[36m</div>\u001b[39m\n      \u001b[36m</div>\u001b[39m\n    \u001b[36m</body>\u001b[39m\n\n    \u001b[0m \u001b[90m 130 |\u001b[39m     )\n     \u001b[90m 131 |\u001b[39m\n    \u001b[31m\u001b[1m>\u001b[22m\u001b[39m\u001b[90m 132 |\u001b[39m     \u001b[36mconst\u001b[39m feedLink \u001b[33m=\u001b[39m screen\u001b[33m.\u001b[39mgetByText(\u001b[32m\"Feed\"\u001b[39m)\u001b[33m.\u001b[39mclosest(\u001b[32m\"a\"\u001b[39m)\n     \u001b[90m     |\u001b[39m                             \u001b[31m\u001b[1m^\u001b[22m\u001b[39m\n     \u001b[90m 133 |\u001b[39m     \u001b[36mconst\u001b[39m discoverLink \u001b[33m=\u001b[39m screen\u001b[33m.\u001b[39mgetByText(\u001b[32m\"Discover\"\u001b[39m)\u001b[33m.\u001b[39mclosest(\u001b[32m\"a\"\u001b[39m)\n     \u001b[90m 134 |\u001b[39m     \u001b[36mconst\u001b[39m profileLink \u001b[33m=\u001b[39m screen\u001b[33m.\u001b[39mgetByText(\u001b[32m\"Profile\"\u001b[39m)\u001b[33m.\u001b[39mclosest(\u001b[32m\"a\"\u001b[39m)\n     \u001b[90m 135 |\u001b[39m     \u001b[36mconst\u001b[39m settingsLink \u001b[33m=\u001b[39m screen\u001b[33m.\u001b[39mgetByText(\u001b[32m\"Settings\"\u001b[39m)\u001b[33m.\u001b[39mclosest(\u001b[32m\"a\"\u001b[39m)\u001b[0m\n\n      at Object.getElementError (node_modules/@testing-library/dom/dist/config.js:37:19)\n      at node_modules/@testing-library/dom/dist/query-helpers.js:76:38\n      at node_modules/@testing-library/dom/dist/query-helpers.js:52:17\n      at node_modules/@testing-library/dom/dist/query-helpers.js:95:19\n      at Object.getByText (D:\\ON Going Projects\\ON Going Projects\\Campus Connect\\src\\app\\(dashboard)../../../layout.test.tsx:132:29)\n","name":"D:\\ON Going Projects\\ON Going Projects\\Campus Connect\\src\\app\\(dashboard)\\layout.test.tsx","startTime":1783962181770,"status":"failed","summary":""},{"assertionResults":[{"ancestorTitles":["createLogger"],"duration":4,"failing":false,"failureDetails":[],"failureMessages":[],"fullName":"createLogger returns a logger with debug/info/warn/error methods","invocations":1,"location":null,"numPassingAsserts":4,"retryReasons":[],"startAt":1783962184069,"status":"passed","title":"returns a logger with debug/info/warn/error methods"},{"ancestorTitles":["createLogger"],"duration":2,"failing":false,"failureDetails":[],"failureMessages":[],"fullName":"createLogger different scopes produce independent loggers","invocations":1,"location":null,"numPassingAsserts":1,"retryReasons":[],"startAt":1783962184073,"status":"passed","title":"different scopes produce independent loggers"},{"ancestorTitles":["logger output — production browser path (NODE_ENV=test)"],"duration":5,"failing":false,"failureDetails":[],"failureMessages":[],"fullName":"logger output — production browser path (NODE_ENV=test) debug calls console.log with JSON","invocations":1,"location":null,"numPassingAsserts":3,"retryReasons":[],"startAt":1783962184075,"status":"passed","title":"debug calls console.log with JSON"},{"ancestorTitles":["logger output — production browser path (NODE_ENV=test)"],"duration":2,"failing":false,"failureDetails":[],"failureMessages":[],"fullName":"logger output — production browser path (NODE_ENV=test) info calls console.log with JSON","invocations":1,"location":null,"numPassingAsserts":3,"retryReasons":[],"startAt":1783962184081,"status":"passed","title":"info calls console.log with JSON"},{"ancestorTitles":["logger output — production browser path (NODE_ENV=test)"],"duration":2,"failing":false,"failureDetails":[],"failureMessages":[],"fullName":"logger output — production browser path (NODE_ENV=test) warn calls console.warn with JSON","invocations":1,"location":null,"numPassingAsserts":3,"retryReasons":[],"startAt":1783962184084,"status":"passed","title":"warn calls console.warn with JSON"},{"ancestorTitles":["logger output — production browser path (NODE_ENV=test)"],"duration":34,"failing":false,"failureDetails":[],"failureMessages":[],"fullName":"logger output — production browser path (NODE_ENV=test) error calls console.error with JSON","invocations":1,"location":null,"numPassingAsserts":3,"retryReasons":[],"startAt":1783962184086,"status":"passed","title":"error calls console.error with JSON"},{"ancestorTitles":["logger output — production browser path (NODE_ENV=test)"],"duration":1,"failing":false,"failureDetails":[],"failureMessages":[],"fullName":"logger output — production browser path (NODE_ENV=test) embeds scope in the JSON payload","invocations":1,"location":null,"numPassingAsserts":1,"retryReasons":[],"startAt":1783962184120,"status":"passed","title":"embeds scope in the JSON payload"},{"ancestorTitles":["logger output — production browser path (NODE_ENV=test)"],"duration":1,"failing":false,"failureDetails":[],"failureMessages":[],"fullName":"logger output — production browser path (NODE_ENV=test) embeds context fields in the JSON payload","invocations":1,"location":null,"numPassingAsserts":1,"retryReasons":[],"startAt":1783962184121,"status":"passed","title":"embeds context fields in the JSON payload"},{"ancestorTitles":["logger output — production browser path (NODE_ENV=test)"],"duration":2,"failing":false,"failureDetails":[],"failureMessages":[],"fullName":"logger output — production browser path (NODE_ENV=test) serialises Error instances into error.message and error.stack","invocations":1,"location":null,"numPassingAsserts":2,"retryReasons":[],"startAt":1783962184122,"status":"passed","title":"serialises Error instances into error.message and error.stack"},{"ancestorTitles":["logger output — production browser path (NODE_ENV=test)"],"duration":1,"failing":false,"failureDetails":[],"failureMessages":[],"fullName":"logger output — production browser path (NODE_ENV=test) serialises non-Error values as a string","invocations":1,"location":null,"numPassingAsserts":1,"retryReasons":[],"startAt":1783962184125,"status":"passed","title":"serialises non-Error values as a string"},{"ancestorTitles":["logger output — production browser path (NODE_ENV=test)"],"duration":2,"failing":false,"failureDetails":[],"failureMessages":[],"fullName":"logger output — production browser path (NODE_ENV=test) error triggers Sentry.withScope","invocations":1,"location":null,"numPassingAsserts":1,"retryReasons":[],"startAt":1783962184126,"status":"passed","title":"error triggers Sentry.withScope"},{"ancestorTitles":["logger output — production browser path (NODE_ENV=test)"],"duration":3,"failing":false,"failureDetails":[],"failureMessages":[],"fullName":"logger output — production browser path (NODE_ENV=test) warn triggers Sentry.captureMessage","invocations":1,"location":null,"numPassingAsserts":2,"retryReasons":[],"startAt":1783962184128,"status":"passed","title":"warn triggers Sentry.captureMessage"},{"ancestorTitles":["logger output — production browser path (NODE_ENV=test)"],"duration":3,"failing":false,"failureDetails":[],"failureMessages":[],"fullName":"logger output — production browser path (NODE_ENV=test) includes a timestamp string in payload","invocations":1,"location":null,"numPassingAsserts":2,"retryReasons":[],"startAt":1783962184132,"status":"passed","title":"includes a timestamp string in payload"},{"ancestorTitles":["default logger export"],"duration":1,"failing":false,"failureDetails":[],"failureMessages":[],"fullName":"default logger export has scope 'app'","invocations":1,"location":null,"numPassingAsserts":1,"retryReasons":[],"startAt":1783962184135,"status":"passed","title":"has scope 'app'"}],"endTime":1783962184139,"message":"","name":"D:\\ON Going Projects\\ON Going Projects\\Campus Connect\\src\\lib\\logger.test.ts","startTime":1783962183767,"status":"passed","summary":""},{"assertionResults":[{"ancestorTitles":["MobileNav"],"duration":177,"failing":false,"failureDetails":[],"failureMessages":[],"fullName":"MobileNav should render the mobile menu button","invocations":1,"location":null,"numPassingAsserts":1,"retryReasons":[],"startAt":1783962183635,"status":"passed","title":"should render the mobile menu button"},{"ancestorTitles":["MobileNav"],"duration":41,"failing":false,"failureDetails":[],"failureMessages":[],"fullName":"MobileNav should have minimum touch target size of 44x44px","invocations":1,"location":null,"numPassingAsserts":2,"retryReasons":[],"startAt":1783962183813,"status":"passed","title":"should have minimum touch target size of 44x44px"},{"ancestorTitles":["MobileNav"],"duration":108,"failing":false,"failureDetails":[],"failureMessages":[],"fullName":"MobileNav should open menu when button is clicked","invocations":1,"location":null,"numPassingAsserts":2,"retryReasons":[],"startAt":1783962183855,"status":"passed","title":"should open menu when button is clicked"},{"ancestorTitles":["MobileNav"],"duration":143,"failing":false,"failureDetails":[],"failureMessages":[],"fullName":"MobileNav should close menu when close button is clicked","invocations":1,"location":null,"numPassingAsserts":2,"retryReasons":[],"startAt":1783962183964,"status":"passed","title":"should close menu when close button is clicked"},{"ancestorTitles":["MobileNav"],"duration":207,"failing":false,"failureDetails":[],"failureMessages":[],"fullName":"MobileNav should close menu when overlay is clicked","invocations":1,"location":null,"numPassingAsserts":3,"retryReasons":[],"startAt":1783962184107,"status":"passed","title":"should close menu when overlay is clicked"},{"ancestorTitles":["MobileNav"],"duration":128,"failing":false,"failureDetails":[],"failureMessages":[],"fullName":"MobileNav should display all navigation links","invocations":1,"location":null,"numPassingAsserts":4,"retryReasons":[],"startAt":1783962184314,"status":"passed","title":"should display all navigation links"},{"ancestorTitles":["MobileNav"],"duration":181,"failing":false,"failureDetails":[],"failureMessages":[],"fullName":"MobileNav should close menu when a navigation link is clicked","invocations":1,"location":null,"numPassingAsserts":3,"retryReasons":[],"startAt":1783962184442,"status":"passed","title":"should close menu when a navigation link is clicked"},{"ancestorTitles":["MobileNav"],"duration":160,"failing":false,"failureDetails":[],"failureMessages":[],"fullName":"MobileNav should display theme toggle and user button in menu","invocations":1,"location":null,"numPassingAsserts":2,"retryReasons":[],"startAt":1783962184624,"status":"passed","title":"should display theme toggle and user button in menu"},{"ancestorTitles":["MobileNav"],"duration":30,"failing":false,"failureDetails":[],"failureMessages":[],"fullName":"MobileNav should have proper aria attributes","invocations":1,"location":null,"numPassingAsserts":2,"retryReasons":[],"startAt":1783962184785,"status":"passed","title":"should have proper aria attributes"},{"ancestorTitles":["MobileNav"],"duration":49,"failing":false,"failureDetails":[],"failureMessages":[],"fullName":"MobileNav should have minimum touch target size for all interactive elements","invocations":1,"location":null,"numPassingAsserts":5,"retryReasons":[],"startAt":1783962184815,"status":"passed","title":"should have minimum touch target size for all interactive elements"}],"endTime":1783962184867,"message":"","name":"D:\\ON Going Projects\\ON Going Projects\\Campus Connect\\src\\components\\navigation\\mobile-nav.test.tsx","startTime":1783962181900,"status":"passed","summary":""},{"assertionResults":[{"ancestorTitles":["UserFilterPanel"],"duration":87,"failing":false,"failureDetails":[],"failureMessages":[],"fullName":"UserFilterPanel should render filter panel with role dropdown and skills input","invocations":1,"location":null,"numPassingAsserts":3,"retryReasons":[],"startAt":1783962184822,"status":"passed","title":"should render filter panel with role dropdown and skills input"},{"ancestorTitles":["UserFilterPanel"],"duration":62,"failing":false,"failureDetails":[],"failureMessages":[],"fullName":"UserFilterPanel should trigger filter change when role is selected","invocations":1,"location":null,"numPassingAsserts":1,"retryReasons":[],"startAt":1783962184910,"status":"passed","title":"should trigger filter change when role is selected"},{"ancestorTitles":["UserFilterPanel"],"duration":25,"failing":false,"failureDetails":[],"failureMessages":[],"fullName":"UserFilterPanel should trigger filter change when role is cleared","invocations":1,"location":null,"numPassingAsserts":2,"retryReasons":[],"startAt":1783962184973,"status":"passed","title":"should trigger filter change when role is cleared"},{"ancestorTitles":["UserFilterPanel"],"duration":47,"failing":false,"failureDetails":[],"failureMessages":[],"fullName":"UserFilterPanel should add skill when Add button is clicked","invocations":1,"location":null,"numPassingAsserts":2,"retryReasons":[],"startAt":1783962184998,"status":"passed","title":"should add skill when Add button is clicked"},{"ancestorTitles":["UserFilterPanel"],"duration":32,"failing":false,"failureDetails":[],"failureMessages":[],"fullName":"UserFilterPanel should add skill when Enter key is pressed","invocations":1,"location":null,"numPassingAsserts":2,"retryReasons":[],"startAt":1783962185045,"status":"passed","title":"should add skill when Enter key is pressed"},{"ancestorTitles":["UserFilterPanel"],"duration":24,"failing":false,"failureDetails":[],"failureMessages":[],"fullName":"UserFilterPanel should clear skill input after adding","invocations":1,"location":null,"numPassingAsserts":1,"retryReasons":[],"startAt":1783962185078,"status":"passed","title":"should clear skill input after adding"},{"ancestorTitles":["UserFilterPanel"],"duration":41,"failing":false,"failureDetails":[],"failureMessages":[],"fullName":"UserFilterPanel should not add duplicate skills","invocations":1,"location":null,"numPassingAsserts":2,"retryReasons":[],"startAt":1783962185102,"status":"passed","title":"should not add duplicate skills"},{"ancestorTitles":["UserFilterPanel"],"duration":26,"failing":false,"failureDetails":[],"failureMessages":[],"fullName":"UserFilterPanel should not add empty or whitespace-only skills","invocations":1,"location":null,"numPassingAsserts":2,"retryReasons":[],"startAt":1783962185145,"status":"passed","title":"should not add empty or whitespace-only skills"},{"ancestorTitles":["UserFilterPanel"],"duration":40,"failing":false,"failureDetails":[],"failureMessages":[],"fullName":"UserFilterPanel should remove skill when X button is clicked","invocations":1,"location":null,"numPassingAsserts":3,"retryReasons":[],"startAt":1783962185171,"status":"passed","title":"should remove skill when X button is clicked"},{"ancestorTitles":["UserFilterPanel"],"duration":94,"failing":false,"failureDetails":[],"failureMessages":[],"fullName":"UserFilterPanel should display multiple selected skills","invocations":1,"location":null,"numPassingAsserts":3,"retryReasons":[],"startAt":1783962185211,"status":"passed","title":"should display multiple selected skills"},{"ancestorTitles":["UserFilterPanel"],"duration":58,"failing":false,"failureDetails":[],"failureMessages":[],"fullName":"UserFilterPanel should show Clear all button when filters are active","invocations":1,"location":null,"numPassingAsserts":2,"retryReasons":[],"startAt":1783962185305,"status":"passed","title":"should show Clear all button when filters are active"},{"ancestorTitles":["UserFilterPanel"],"duration":46,"failing":false,"failureDetails":[],"failureMessages":[],"fullName":"UserFilterPanel should clear all filters when Clear all button is clicked","invocations":1,"location":null,"numPassingAsserts":4,"retryReasons":[],"startAt":1783962185364,"status":"passed","title":"should clear all filters when Clear all button is clicked"},{"ancestorTitles":["UserFilterPanel"],"duration":24,"failing":false,"failureDetails":[],"failureMessages":[],"fullName":"UserFilterPanel should combine role and skills filters","invocations":1,"location":null,"numPassingAsserts":1,"retryReasons":[],"startAt":1783962185411,"status":"passed","title":"should combine role and skills filters"},{"ancestorTitles":["UserFilterPanel"],"duration":27,"failing":false,"failureDetails":[],"failureMessages":[],"fullName":"UserFilterPanel should disable Add button when skill input is empty","invocations":1,"location":null,"numPassingAsserts":3,"retryReasons":[],"startAt":1783962185436,"status":"passed","title":"should disable Add button when skill input is empty"},{"ancestorTitles":["UserFilterPanel"],"duration":67,"failing":false,"failureDetails":[],"failureMessages":[],"fullName":"UserFilterPanel should trim whitespace from skill input","invocations":1,"location":null,"numPassingAsserts":2,"retryReasons":[],"startAt":1783962185463,"status":"passed","title":"should trim whitespace from skill input"}],"endTime":1783962185532,"message":"","name":"D:\\ON Going Projects\\ON Going Projects\\Campus Connect\\src\\components\\profile\\UserFilterPanel.test.tsx","startTime":1783962184174,"status":"passed","summary":""},{"assertionResults":[{"ancestorTitles":["NotificationBell"],"duration":221,"failing":false,"failureDetails":[{}],"failureMessages":["Error: No QueryClient set, use QueryClientProvider to set one\n    at useQueryClient (D:\\ON Going Projects\\ON Going Projects\\Campus Connect\\node_modules\\@tanstack\\react-query\\src\\QueryClientProvider.tsx:18:11)\n    at useRealtimeNotifications (D:\\ON Going Projects\\ON Going Projects\\Campus Connect\\src\\hooks\\useRealtimeNotifications.ts:11:37)\n    at NotificationBell (D:\\ON Going Projects\\ON Going Projects\\Campus Connect\\src\\components\\notifications\\NotificationBell.tsx:28:27)\n    at renderWithHooks (D:\\ON Going Projects\\ON Going Projects\\Campus Connect\\node_modules\\react-dom\\cjs\\react-dom.development.js:15486:18)\n    at mountIndeterminateComponent (D:\\ON Going Projects\\ON Going Projects\\Campus Connect\\node_modules\\react-dom\\cjs\\react-dom.development.js:20103:13)\n    at beginWork (D:\\ON Going Projects\\ON Going Projects\\Campus Connect\\node_modules\\react-dom\\cjs\\react-dom.development.js:21626:16)\n    at beginWork$1 (D:\\ON Going Projects\\ON Going Projects\\Campus Connect\\node_modules\\react-dom\\cjs\\react-dom.development.js:27465:14)\n    at performUnitOfWork (D:\\ON Going Projects\\ON Going Projects\\Campus Connect\\node_modules\\react-dom\\cjs\\react-dom.development.js:26599:12)\n    at workLoopSync (D:\\ON Going Projects\\ON Going Projects\\Campus Connect\\node_modules\\react-dom\\cjs\\react-dom.development.js:26505:5)\n    at renderRootSync (D:\\ON Going Projects\\ON Going Projects\\Campus Connect\\node_modules\\react-dom\\cjs\\react-dom.development.js:26473:7)\n    at recoverFromConcurrentError (D:\\ON Going Projects\\ON Going Projects\\Campus Connect\\node_modules\\react-dom\\cjs\\react-dom.development.js:25889:20)\n    at performConcurrentWorkOnRoot (D:\\ON Going Projects\\ON Going Projects\\Campus Connect\\node_modules\\react-dom\\cjs\\react-dom.development.js:25789:22)\n    at flushActQueue (D:\\ON Going Projects\\ON Going Projects\\Campus Connect\\node_modules\\react\\cjs\\react.development.js:2667:24)\n    at act (D:\\ON Going Projects\\ON Going Projects\\Campus Connect\\node_modules\\react\\cjs\\react.development.js:2582:11)\n    at D:\\ON Going Projects\\ON Going Projects\\Campus Connect\\node_modules\\@testing-library\\react\\dist\\act-compat.js:46:25\n    at renderRoot (D:\\ON Going Projects\\ON Going Projects\\Campus Connect\\node_modules\\@testing-library\\react\\dist\\pure.js:189:26)\n    at render (D:\\ON Going Projects\\ON Going Projects\\Campus Connect\\node_modules\\@testing-library\\react\\dist\\pure.js:291:10)\n    at Object.<anonymous> (D:\\ON Going Projects\\ON Going Projects\\Campus Connect\\src\\components\\notifications\\NotificationBell.test.tsx:41:11)\n    at Promise.finally.completed (D:\\ON Going Projects\\ON Going Projects\\Campus Connect\\node_modules\\jest-circus\\build\\jestAdapterInit.js:1561:28)\n    at new Promise (<anonymous>)\n    at callAsyncCircusFn (D:\\ON Going Projects\\ON Going Projects\\Campus Connect\\node_modules\\jest-circus\\build\\jestAdapterInit.js:1501:10)\n    at _callCircusTest (D:\\ON Going Projects\\ON Going Projects\\Campus Connect\\node_modules\\jest-circus\\build\\jestAdapterInit.js:1011:40)\n    at processTicksAndRejections (node:internal/process/task_queues:104:5)\n    at _runTest (D:\\ON Going Projects\\ON Going Projects\\Campus Connect\\node_modules\\jest-circus\\build\\jestAdapterInit.js:951:3)\n    at D:\\ON Going Projects\\ON Going Projects\\Campus Connect\\node_modules\\jest-circus\\build\\jestAdapterInit.js:853:7\n    at _runTestsForDescribeBlock (D:\\ON Going Projects\\ON Going Projects\\Campus Connect\\node_modules\\jest-circus\\build\\jestAdapterInit.js:866:11)\n    at _runTestsForDescribeBlock (D:\\ON Going Projects\\ON Going Projects\\Campus Connect\\node_modules\\jest-circus\\build\\jestAdapterInit.js:861:11)\n    at run (D:\\ON Going Projects\\ON Going Projects\\Campus Connect\\node_modules\\jest-circus\\build\\jestAdapterInit.js:765:3)\n    at runAndTransformResultsToJestFormat (D:\\ON Going Projects\\ON Going Projects\\Campus Connect\\node_modules\\jest-circus\\build\\jestAdapterInit.js:1993:21)\n    at jestAdapter (D:\\ON Going Projects\\ON Going Projects\\Campus Connect\\node_modules\\jest-circus\\build\\runner.js:111:19)\n    at runTestInternal (D:\\ON Going Projects\\ON Going Projects\\Campus Connect\\node_modules\\jest-runner\\build\\testWorker.js:276:16)\n    at runTest (D:\\ON Going Projects\\ON Going Projects\\Campus Connect\\node_modules\\jest-runner\\build\\testWorker.js:344:7)\n    at Object.worker (D:\\ON Going Projects\\ON Going Projects\\Campus Connect\\node_modules\\jest-runner\\build\\testWorker.js:498:12)"],"fullName":"NotificationBell should render bell icon","invocations":1,"location":null,"numPassingAsserts":0,"retryReasons":[],"startAt":1783962185056,"status":"failed","title":"should render bell icon"},{"ancestorTitles":["NotificationBell"],"duration":22,"failing":false,"failureDetails":[{}],"failureMessages":["Error: No QueryClient set, use QueryClientProvider to set one\n    at useQueryClient (D:\\ON Going Projects\\ON Going Projects\\Campus Connect\\node_modules\\@tanstack\\react-query\\src\\QueryClientProvider.tsx:18:11)\n    at useRealtimeNotifications (D:\\ON Going Projects\\ON Going Projects\\Campus Connect\\src\\hooks\\useRealtimeNotifications.ts:11:37)\n    at NotificationBell (D:\\ON Going Projects\\ON Going Projects\\Campus Connect\\src\\components\\notifications\\NotificationBell.tsx:28:27)\n    at renderWithHooks (D:\\ON Going Projects\\ON Going Projects\\Campus Connect\\node_modules\\react-dom\\cjs\\react-dom.development.js:15486:18)\n    at mountIndeterminateComponent (D:\\ON Going Projects\\ON Going Projects\\Campus Connect\\node_modules\\react-dom\\cjs\\react-dom.development.js:20103:13)\n    at beginWork (D:\\ON Going Projects\\ON Going Projects\\Campus Connect\\node_modules\\react-dom\\cjs\\react-dom.development.js:21626:16)\n    at beginWork$1 (D:\\ON Going Projects\\ON Going Projects\\Campus Connect\\node_modules\\react-dom\\cjs\\react-dom.development.js:27465:14)\n    at performUnitOfWork (D:\\ON Going Projects\\ON Going Projects\\Campus Connect\\node_modules\\react-dom\\cjs\\react-dom.development.js:26599:12)\n    at workLoopSync (D:\\ON Going Projects\\ON Going Projects\\Campus Connect\\node_modules\\react-dom\\cjs\\react-dom.development.js:26505:5)\n    at renderRootSync (D:\\ON Going Projects\\ON Going Projects\\Campus Connect\\node_modules\\react-dom\\cjs\\react-dom.development.js:26473:7)\n    at recoverFromConcurrentError (D:\\ON Going Projects\\ON Going Projects\\Campus Connect\\node_modules\\react-dom\\cjs\\react-dom.development.js:25889:20)\n    at performConcurrentWorkOnRoot (D:\\ON Going Projects\\ON Going Projects\\Campus Connect\\node_modules\\react-dom\\cjs\\react-dom.development.js:25789:22)\n    at flushActQueue (D:\\ON Going Projects\\ON Going Projects\\Campus Connect\\node_modules\\react\\cjs\\react.development.js:2667:24)\n    at act (D:\\ON Going Projects\\ON Going Projects\\Campus Connect\\node_modules\\react\\cjs\\react.development.js:2582:11)\n    at D:\\ON Going Projects\\ON Going Projects\\Campus Connect\\node_modules\\@testing-library\\react\\dist\\act-compat.js:46:25\n    at renderRoot (D:\\ON Going Projects\\ON Going Projects\\Campus Connect\\node_modules\\@testing-library\\react\\dist\\pure.js:189:26)\n    at render (D:\\ON Going Projects\\ON Going Projects\\Campus Connect\\node_modules\\@testing-library\\react\\dist\\pure.js:291:10)\n    at Object.<anonymous> (D:\\ON Going Projects\\ON Going Projects\\Campus Connect\\src\\components\\notifications\\NotificationBell.test.tsx:51:11)\n    at Promise.finally.completed (D:\\ON Going Projects\\ON Going Projects\\Campus Connect\\node_modules\\jest-circus\\build\\jestAdapterInit.js:1561:28)\n    at new Promise (<anonymous>)\n    at callAsyncCircusFn (D:\\ON Going Projects\\ON Going Projects\\Campus Connect\\node_modules\\jest-circus\\build\\jestAdapterInit.js:1501:10)\n    at _callCircusTest (D:\\ON Going Projects\\ON Going Projects\\Campus Connect\\node_modules\\jest-circus\\build\\jestAdapterInit.js:1011:40)\n    at processTicksAndRejections (node:internal/process/task_queues:104:5)\n    at _runTest (D:\\ON Going Projects\\ON Going Projects\\Campus Connect\\node_modules\\jest-circus\\build\\jestAdapterInit.js:951:3)\n    at D:\\ON Going Projects\\ON Going Projects\\Campus Connect\\node_modules\\jest-circus\\build\\jestAdapterInit.js:853:7\n    at _runTestsForDescribeBlock (D:\\ON Going Projects\\ON Going Projects\\Campus Connect\\node_modules\\jest-circus\\build\\jestAdapterInit.js:866:11)\n    at _runTestsForDescribeBlock (D:\\ON Going Projects\\ON Going Projects\\Campus Connect\\node_modules\\jest-circus\\build\\jestAdapterInit.js:861:11)\n    at run (D:\\ON Going Projects\\ON Going Projects\\Campus Connect\\node_modules\\jest-circus\\build\\jestAdapterInit.js:765:3)\n    at runAndTransformResultsToJestFormat (D:\\ON Going Projects\\ON Going Projects\\Campus Connect\\node_modules\\jest-circus\\build\\jestAdapterInit.js:1993:21)\n    at jestAdapter (D:\\ON Going Projects\\ON Going Projects\\Campus Connect\\node_modules\\jest-circus\\build\\runner.js:111:19)\n    at runTestInternal (D:\\ON Going Projects\\ON Going Projects\\Campus Connect\\node_modules\\jest-runner\\build\\testWorker.js:276:16)\n    at runTest (D:\\ON Going Projects\\ON Going Projects\\Campus Connect\\node_modules\\jest-runner\\build\\testWorker.js:344:7)\n    at Object.worker (D:\\ON Going Projects\\ON Going Projects\\Campus Connect\\node_modules\\jest-runner\\build\\testWorker.js:498:12)"],"fullName":"NotificationBell should show unread count badge when there are unread notifications","invocations":1,"location":null,"numPassingAsserts":0,"retryReasons":[],"startAt":1783962185311,"status":"failed","title":"should show unread count badge when there are unread notifications"},{"ancestorTitles":["NotificationBell"],"duration":72,"failing":false,"failureDetails":[{}],"failureMessages":["Error: No QueryClient set, use QueryClientProvider to set one\n    at useQueryClient (D:\\ON Going Projects\\ON Going Projects\\Campus Connect\\node_modules\\@tanstack\\react-query\\src\\QueryClientProvider.tsx:18:11)\n    at useRealtimeNotifications (D:\\ON Going Projects\\ON Going Projects\\Campus Connect\\src\\hooks\\useRealtimeNotifications.ts:11:37)\n    at NotificationBell (D:\\ON Going Projects\\ON Going Projects\\Campus Connect\\src\\components\\notifications\\NotificationBell.tsx:28:27)\n    at renderWithHooks (D:\\ON Going Projects\\ON Going Projects\\Campus Connect\\node_modules\\react-dom\\cjs\\react-dom.development.js:15486:18)\n    at mountIndeterminateComponent (D:\\ON Going Projects\\ON Going Projects\\Campus Connect\\node_modules\\react-dom\\cjs\\react-dom.development.js:20103:13)\n    at beginWork (D:\\ON Going Projects\\ON Going Projects\\Campus Connect\\node_modules\\react-dom\\cjs\\react-dom.development.js:21626:16)\n    at beginWork$1 (D:\\ON Going Projects\\ON Going Projects\\Campus Connect\\node_modules\\react-dom\\cjs\\react-dom.development.js:27465:14)\n    at performUnitOfWork (D:\\ON Going Projects\\ON Going Projects\\Campus Connect\\node_modules\\react-dom\\cjs\\react-dom.development.js:26599:12)\n    at workLoopSync (D:\\ON Going Projects\\ON Going Projects\\Campus Connect\\node_modules\\react-dom\\cjs\\react-dom.development.js:26505:5)\n    at renderRootSync (D:\\ON Going Projects\\ON Going Projects\\Campus Connect\\node_modules\\react-dom\\cjs\\react-dom.development.js:26473:7)\n    at recoverFromConcurrentError (D:\\ON Going Projects\\ON Going Projects\\Campus Connect\\node_modules\\react-dom\\cjs\\react-dom.development.js:25889:20)\n    at performConcurrentWorkOnRoot (D:\\ON Going Projects\\ON Going Projects\\Campus Connect\\node_modules\\react-dom\\cjs\\react-dom.development.js:25789:22)\n    at flushActQueue (D:\\ON Going Projects\\ON Going Projects\\Campus Connect\\node_modules\\react\\cjs\\react.development.js:2667:24)\n    at act (D:\\ON Going Projects\\ON Going Projects\\Campus Connect\\node_modules\\react\\cjs\\react.development.js:2582:11)\n    at D:\\ON Going Projects\\ON Going Projects\\Campus Connect\\node_modules\\@testing-library\\react\\dist\\act-compat.js:46:25\n    at renderRoot (D:\\ON Going Projects\\ON Going Projects\\Campus Connect\\node_modules\\@testing-library\\react\\dist\\pure.js:189:26)\n    at render (D:\\ON Going Projects\\ON Going Projects\\Campus Connect\\node_modules\\@testing-library\\react\\dist\\pure.js:291:10)\n    at Object.<anonymous> (D:\\ON Going Projects\\ON Going Projects\\Campus Connect\\src\\components\\notifications\\NotificationBell.test.tsx:61:11)\n    at Promise.finally.completed (D:\\ON Going Projects\\ON Going Projects\\Campus Connect\\node_modules\\jest-circus\\build\\jestAdapterInit.js:1561:28)\n    at new Promise (<anonymous>)\n    at callAsyncCircusFn (D:\\ON Going Projects\\ON Going Projects\\Campus Connect\\node_modules\\jest-circus\\build\\jestAdapterInit.js:1501:10)\n    at _callCircusTest (D:\\ON Going Projects\\ON Going Projects\\Campus Connect\\node_modules\\jest-circus\\build\\jestAdapterInit.js:1011:40)\n    at processTicksAndRejections (node:internal/process/task_queues:104:5)\n    at _runTest (D:\\ON Going Projects\\ON Going Projects\\Campus Connect\\node_modules\\jest-circus\\build\\jestAdapterInit.js:951:3)\n    at D:\\ON Going Projects\\ON Going Projects\\Campus Connect\\node_modules\\jest-circus\\build\\jestAdapterInit.js:853:7\n    at _runTestsForDescribeBlock (D:\\ON Going Projects\\ON Going Projects\\Campus Connect\\node_modules\\jest-circus\\build\\jestAdapterInit.js:866:11)\n    at _runTestsForDescribeBlock (D:\\ON Going Projects\\ON Going Projects\\Campus Connect\\node_modules\\jest-circus\\build\\jestAdapterInit.js:861:11)\n    at run (D:\\ON Going Projects\\ON Going Projects\\Campus Connect\\node_modules\\jest-circus\\build\\jestAdapterInit.js:765:3)\n    at runAndTransformResultsToJestFormat (D:\\ON Going Projects\\ON Going Projects\\Campus Connect\\node_modules\\jest-circus\\build\\jestAdapterInit.js:1993:21)\n    at jestAdapter (D:\\ON Going Projects\\ON Going Projects\\Campus Connect\\node_modules\\jest-circus\\build\\runner.js:111:19)\n    at runTestInternal (D:\\ON Going Projects\\ON Going Projects\\Campus Connect\\node_modules\\jest-runner\\build\\testWorker.js:276:16)\n    at runTest (D:\\ON Going Projects\\ON Going Projects\\Campus Connect\\node_modules\\jest-runner\\build\\testWorker.js:344:7)\n    at Object.worker (D:\\ON Going Projects\\ON Going Projects\\Campus Connect\\node_modules\\jest-runner\\build\\testWorker.js:498:12)"],"fullName":"NotificationBell should show 9+ badge when unread count exceeds 9","invocations":1,"location":null,"numPassingAsserts":0,"retryReasons":[],"startAt":1783962185335,"status":"failed","title":"should show 9+ badge when unread count exceeds 9"},{"ancestorTitles":["NotificationBell"],"duration":18,"failing":false,"failureDetails":[{}],"failureMessages":["Error: No QueryClient set, use QueryClientProvider to set one\n    at useQueryClient (D:\\ON Going Projects\\ON Going Projects\\Campus Connect\\node_modules\\@tanstack\\react-query\\src\\QueryClientProvider.tsx:18:11)\n    at useRealtimeNotifications (D:\\ON Going Projects\\ON Going Projects\\Campus Connect\\src\\hooks\\useRealtimeNotifications.ts:11:37)\n    at NotificationBell (D:\\ON Going Projects\\ON Going Projects\\Campus Connect\\src\\components\\notifications\\NotificationBell.tsx:28:27)\n    at renderWithHooks (D:\\ON Going Projects\\ON Going Projects\\Campus Connect\\node_modules\\react-dom\\cjs\\react-dom.development.js:15486:18)\n    at mountIndeterminateComponent (D:\\ON Going Projects\\ON Going Projects\\Campus Connect\\node_modules\\react-dom\\cjs\\react-dom.development.js:20103:13)\n    at beginWork (D:\\ON Going Projects\\ON Going Projects\\Campus Connect\\node_modules\\react-dom\\cjs\\react-dom.development.js:21626:16)\n    at beginWork$1 (D:\\ON Going Projects\\ON Going Projects\\Campus Connect\\node_modules\\react-dom\\cjs\\react-dom.development.js:27465:14)\n    at performUnitOfWork (D:\\ON Going Projects\\ON Going Projects\\Campus Connect\\node_modules\\react-dom\\cjs\\react-dom.development.js:26599:12)\n    at workLoopSync (D:\\ON Going Projects\\ON Going Projects\\Campus Connect\\node_modules\\react-dom\\cjs\\react-dom.development.js:26505:5)\n    at renderRootSync (D:\\ON Going Projects\\ON Going Projects\\Campus Connect\\node_modules\\react-dom\\cjs\\react-dom.development.js:26473:7)\n    at recoverFromConcurrentError (D:\\ON Going Projects\\ON Going Projects\\Campus Connect\\node_modules\\react-dom\\cjs\\react-dom.development.js:25889:20)\n    at performConcurrentWorkOnRoot (D:\\ON Going Projects\\ON Going Projects\\Campus Connect\\node_modules\\react-dom\\cjs\\react-dom.development.js:25789:22)\n    at flushActQueue (D:\\ON Going Projects\\ON Going Projects\\Campus Connect\\node_modules\\react\\cjs\\react.development.js:2667:24)\n    at act (D:\\ON Going Projects\\ON Going Projects\\Campus Connect\\node_modules\\react\\cjs\\react.development.js:2582:11)\n    at D:\\ON Going Projects\\ON Going Projects\\Campus Connect\\node_modules\\@testing-library\\react\\dist\\act-compat.js:46:25\n    at renderRoot (D:\\ON Going Projects\\ON Going Projects\\Campus Connect\\node_modules\\@testing-library\\react\\dist\\pure.js:189:26)\n    at render (D:\\ON Going Projects\\ON Going Projects\\Campus Connect\\node_modules\\@testing-library\\react\\dist\\pure.js:291:10)\n    at Object.<anonymous> (D:\\ON Going Projects\\ON Going Projects\\Campus Connect\\src\\components\\notifications\\NotificationBell.test.tsx:71:11)\n    at Promise.finally.completed (D:\\ON Going Projects\\ON Going Projects\\Campus Connect\\node_modules\\jest-circus\\build\\jestAdapterInit.js:1561:28)\n    at new Promise (<anonymous>)\n    at callAsyncCircusFn (D:\\ON Going Projects\\ON Going Projects\\Campus Connect\\node_modules\\jest-circus\\build\\jestAdapterInit.js:1501:10)\n    at _callCircusTest (D:\\ON Going Projects\\ON Going Projects\\Campus Connect\\node_modules\\jest-circus\\build\\jestAdapterInit.js:1011:40)\n    at processTicksAndRejections (node:internal/process/task_queues:104:5)\n    at _runTest (D:\\ON Going Projects\\ON Going Projects\\Campus Connect\\node_modules\\jest-circus\\build\\jestAdapterInit.js:951:3)\n    at D:\\ON Going Projects\\ON Going Projects\\Campus Connect\\node_modules\\jest-circus\\build\\jestAdapterInit.js:853:7\n    at _runTestsForDescribeBlock (D:\\ON Going Projects\\ON Going Projects\\Campus Connect\\node_modules\\jest-circus\\build\\jestAdapterInit.js:866:11)\n    at _runTestsForDescribeBlock (D:\\ON Going Projects\\ON Going Projects\\Campus Connect\\node_modules\\jest-circus\\build\\jestAdapterInit.js:861:11)\n    at run (D:\\ON Going Projects\\ON Going Projects\\Campus Connect\\node_modules\\jest-circus\\build\\jestAdapterInit.js:765:3)\n    at runAndTransformResultsToJestFormat (D:\\ON Going Projects\\ON Going Projects\\Campus Connect\\node_modules\\jest-circus\\build\\jestAdapterInit.js:1993:21)\n    at jestAdapter (D:\\ON Going Projects\\ON Going Projects\\Campus Connect\\node_modules\\jest-circus\\build\\runner.js:111:19)\n    at runTestInternal (D:\\ON Going Projects\\ON Going Projects\\Campus Connect\\node_modules\\jest-runner\\build\\testWorker.js:276:16)\n    at runTest (D:\\ON Going Projects\\ON Going Projects\\Campus Connect\\node_modules\\jest-runner\\build\\testWorker.js:344:7)\n    at Object.worker (D:\\ON Going Projects\\ON Going Projects\\Campus Connect\\node_modules\\jest-runner\\build\\testWorker.js:498:12)"],"fullName":"NotificationBell should not show badge when unread count is 0","invocations":1,"location":null,"numPassingAsserts":0,"retryReasons":[],"startAt":1783962185408,"status":"failed","title":"should not show badge when unread count is 0"},{"ancestorTitles":["NotificationBell"],"duration":23,"failing":false,"failureDetails":[{}],"failureMessages":["Error: No QueryClient set, use QueryClientProvider to set one\n    at useQueryClient (D:\\ON Going Projects\\ON Going Projects\\Campus Connect\\node_modules\\@tanstack\\react-query\\src\\QueryClientProvider.tsx:18:11)\n    at useRealtimeNotifications (D:\\ON Going Projects\\ON Going Projects\\Campus Connect\\src\\hooks\\useRealtimeNotifications.ts:11:37)\n    at NotificationBell (D:\\ON Going Projects\\ON Going Projects\\Campus Connect\\src\\components\\notifications\\NotificationBell.tsx:28:27)\n    at renderWithHooks (D:\\ON Going Projects\\ON Going Projects\\Campus Connect\\node_modules\\react-dom\\cjs\\react-dom.development.js:15486:18)\n    at mountIndeterminateComponent (D:\\ON Going Projects\\ON Going Projects\\Campus Connect\\node_modules\\react-dom\\cjs\\react-dom.development.js:20103:13)\n    at beginWork (D:\\ON Going Projects\\ON Going Projects\\Campus Connect\\node_modules\\react-dom\\cjs\\react-dom.de
[...]
ith special characters","invocations":1,"location":null,"numPassingAsserts":3,"retryReasons":[],"startAt":1783962188399,"status":"passed","title":"should reject hashtags with special characters"},{"ancestorTitles":["hashtag-utils","isValidHashtag"],"duration":1,"failing":false,"failureDetails":[],"failureMessages":[],"fullName":"hashtag-utils isValidHashtag should reject empty strings","invocations":1,"location":null,"numPassingAsserts":1,"retryReasons":[],"startAt":1783962188399,"status":"passed","title":"should reject empty strings"},{"ancestorTitles":["hashtag-utils","isValidHashtag"],"duration":0,"failing":false,"failureDetails":[],"failureMessages":[],"fullName":"hashtag-utils isValidHashtag should reject hashtags with hash symbol","invocations":1,"location":null,"numPassingAsserts":1,"retryReasons":[],"startAt":1783962188400,"status":"passed","title":"should reject hashtags with hash symbol"},{"ancestorTitles":["hashtag-utils","getHashtagDisplay"],"duration":1,"failing":false,"failureDetails":[],"failureMessages":[],"fullName":"hashtag-utils getHashtagDisplay should add hash symbol to tag","invocations":1,"location":null,"numPassingAsserts":2,"retryReasons":[],"startAt":1783962188400,"status":"passed","title":"should add hash symbol to tag"},{"ancestorTitles":["hashtag-utils","getHashtagDisplay"],"duration":1,"failing":false,"failureDetails":[],"failureMessages":[],"fullName":"hashtag-utils getHashtagDisplay should normalize and add hash symbol","invocations":1,"location":null,"numPassingAsserts":2,"retryReasons":[],"startAt":1783962188401,"status":"passed","title":"should normalize and add hash symbol"},{"ancestorTitles":["hashtag-utils","getHashtagDisplay"],"duration":0,"failing":false,"failureDetails":[],"failureMessages":[],"fullName":"hashtag-utils getHashtagDisplay should handle tags that already have hash","invocations":1,"location":null,"numPassingAsserts":1,"retryReasons":[],"startAt":1783962188402,"status":"passed","title":"should handle tags that already have hash"},{"ancestorTitles":["hashtag-utils","getHashtagDisplay"],"duration":1,"failing":false,"failureDetails":[],"failureMessages":[],"fullName":"hashtag-utils getHashtagDisplay should handle empty strings","invocations":1,"location":null,"numPassingAsserts":1,"retryReasons":[],"startAt":1783962188402,"status":"passed","title":"should handle empty strings"},{"ancestorTitles":["hashtag-utils","getHashtagDisplay"],"duration":0,"failing":false,"failureDetails":[],"failureMessages":[],"fullName":"hashtag-utils getHashtagDisplay should preserve numbers and underscores","invocations":1,"location":null,"numPassingAsserts":2,"retryReasons":[],"startAt":1783962188403,"status":"passed","title":"should preserve numbers and underscores"},{"ancestorTitles":["hashtag-utils","edge cases"],"duration":1,"failing":false,"failureDetails":[],"failureMessages":[],"fullName":"hashtag-utils edge cases should handle extremely long hashtags","invocations":1,"location":null,"numPassingAsserts":2,"retryReasons":[],"startAt":1783962188403,"status":"passed","title":"should handle extremely long hashtags"},{"ancestorTitles":["hashtag-utils","edge cases"],"duration":1,"failing":false,"failureDetails":[],"failureMessages":[],"fullName":"hashtag-utils edge cases should handle unicode characters","invocations":1,"location":null,"numPassingAsserts":1,"retryReasons":[],"startAt":1783962188404,"status":"passed","title":"should handle unicode characters"},{"ancestorTitles":["hashtag-utils","edge cases"],"duration":1,"failing":false,"failureDetails":[],"failureMessages":[],"fullName":"hashtag-utils edge cases should handle mixed case duplicates","invocations":1,"location":null,"numPassingAsserts":1,"retryReasons":[],"startAt":1783962188405,"status":"passed","title":"should handle mixed case duplicates"},{"ancestorTitles":["hashtag-utils","edge cases"],"duration":0,"failing":false,"failureDetails":[],"failureMessages":[],"fullName":"hashtag-utils edge cases should handle hashtag-like patterns that aren't hashtags","invocations":1,"location":null,"numPassingAsserts":1,"retryReasons":[],"startAt":1783962188406,"status":"passed","title":"should handle hashtag-like patterns that aren't hashtags"}],"endTime":1783962188409,"message":"","name":"D:\\ON Going Projects\\ON Going Projects\\Campus Connect\\src\\lib\\hashtag-utils.test.ts","startTime":1783962188059,"status":"passed","summary":""},{"assertionResults":[{"ancestorTitles":["MENTION_REGEX"],"duration":5,"failing":false,"failureDetails":[],"failureMessages":[],"fullName":"MENTION_REGEX should match basic mentions","invocations":1,"location":null,"numPassingAsserts":2,"retryReasons":[],"startAt":1783962188367,"status":"passed","title":"should match basic mentions"},{"ancestorTitles":["MENTION_REGEX"],"duration":2,"failing":false,"failureDetails":[],"failureMessages":[],"fullName":"MENTION_REGEX should match multiple mentions","invocations":1,"location":null,"numPassingAsserts":3,"retryReasons":[],"startAt":1783962188373,"status":"passed","title":"should match multiple mentions"},{"ancestorTitles":["MENTION_REGEX"],"duration":1,"failing":false,"failureDetails":[],"failureMessages":[],"fullName":"MENTION_REGEX should match mentions with underscores and numbers","invocations":1,"location":null,"numPassingAsserts":4,"retryReasons":[],"startAt":1783962188376,"status":"passed","title":"should match mentions with underscores and numbers"},{"ancestorTitles":["MENTION_REGEX"],"duration":1,"failing":false,"failureDetails":[],"failureMessages":[],"fullName":"MENTION_REGEX should not match @ followed by space","invocations":1,"location":null,"numPassingAsserts":1,"retryReasons":[],"startAt":1783962188378,"status":"passed","title":"should not match @ followed by space"},{"ancestorTitles":["MENTION_REGEX"],"duration":1,"failing":false,"failureDetails":[],"failureMessages":[],"fullName":"MENTION_REGEX should not match @ at end","invocations":1,"location":null,"numPassingAsserts":1,"retryReasons":[],"startAt":1783962188379,"status":"passed","title":"should not match @ at end"},{"ancestorTitles":["extractMentions"],"duration":1,"failing":false,"failureDetails":[],"failureMessages":[],"fullName":"extractMentions should extract single mention","invocations":1,"location":null,"numPassingAsserts":1,"retryReasons":[],"startAt":1783962188380,"status":"passed","title":"should extract single mention"},{"ancestorTitles":["extractMentions"],"duration":1,"failing":false,"failureDetails":[],"failureMessages":[],"fullName":"extractMentions should extract multiple mentions","invocations":1,"location":null,"numPassingAsserts":1,"retryReasons":[],"startAt":1783962188381,"status":"passed","title":"should extract multiple mentions"},{"ancestorTitles":["extractMentions"],"duration":1,"failing":false,"failureDetails":[],"failureMessages":[],"fullName":"extractMentions should extract unique mentions only","invocations":1,"location":null,"numPassingAsserts":1,"retryReasons":[],"startAt":1783962188382,"status":"passed","title":"should extract unique mentions only"},{"ancestorTitles":["extractMentions"],"duration":1,"failing":false,"failureDetails":[],"failureMessages":[],"fullName":"extractMentions should handle mentions with underscores and numbers","invocations":1,"location":null,"numPassingAsserts":1,"retryReasons":[],"startAt":1783962188383,"status":"passed","title":"should handle mentions with underscores and numbers"},{"ancestorTitles":["extractMentions"],"duration":1,"failing":false,"failureDetails":[],"failureMessages":[],"fullName":"extractMentions should return empty array for no mentions","invocations":1,"location":null,"numPassingAsserts":1,"retryReasons":[],"startAt":1783962188384,"status":"passed","title":"should return empty array for no mentions"},{"ancestorTitles":["extractMentions"],"duration":1,"failing":false,"failureDetails":[],"failureMessages":[],"fullName":"extractMentions should return empty array for empty string","invocations":1,"location":null,"numPassingAsserts":1,"retryReasons":[],"startAt":1783962188385,"status":"passed","title":"should return empty array for empty string"},{"ancestorTitles":["extractMentions"],"duration":1,"failing":false,"failureDetails":[],"failureMessages":[],"fullName":"extractMentions should return empty array for null/undefined","invocations":1,"location":null,"numPassingAsserts":2,"retryReasons":[],"startAt":1783962188386,"status":"passed","title":"should return empty array for null/undefined"},{"ancestorTitles":["extractMentions"],"duration":1,"failing":false,"failureDetails":[],"failureMessages":[],"fullName":"extractMentions should handle mentions at start and end","invocations":1,"location":null,"numPassingAsserts":1,"retryReasons":[],"startAt":1783962188387,"status":"passed","title":"should handle mentions at start and end"},{"ancestorTitles":["extractMentions"],"duration":0,"failing":false,"failureDetails":[],"failureMessages":[],"fullName":"extractMentions should handle mentions with newlines","invocations":1,"location":null,"numPassingAsserts":1,"retryReasons":[],"startAt":1783962188388,"status":"passed","title":"should handle mentions with newlines"},{"ancestorTitles":["parseMentions"],"duration":0,"failing":false,"failureDetails":[],"failureMessages":[],"fullName":"parseMentions should parse text with no mentions","invocations":1,"location":null,"numPassingAsserts":1,"retryReasons":[],"startAt":1783962188389,"status":"passed","title":"should parse text with no mentions"},{"ancestorTitles":["parseMentions"],"duration":1,"failing":false,"failureDetails":[],"failureMessages":[],"fullName":"parseMentions should parse single mention","invocations":1,"location":null,"numPassingAsserts":1,"retryReasons":[],"startAt":1783962188389,"status":"passed","title":"should parse single mention"},{"ancestorTitles":["parseMentions"],"duration":1,"failing":false,"failureDetails":[],"failureMessages":[],"fullName":"parseMentions should parse multiple mentions","invocations":1,"location":null,"numPassingAsserts":1,"retryReasons":[],"startAt":1783962188390,"status":"passed","title":"should parse multiple mentions"},{"ancestorTitles":["parseMentions"],"duration":0,"failing":false,"failureDetails":[],"failureMessages":[],"fullName":"parseMentions should parse mention at start","invocations":1,"location":null,"numPassingAsserts":1,"retryReasons":[],"startAt":1783962188391,"status":"passed","title":"should parse mention at start"},{"ancestorTitles":["parseMentions"],"duration":1,"failing":false,"failureDetails":[],"failureMessages":[],"fullName":"parseMentions should parse mention at end","invocations":1,"location":null,"numPassingAsserts":1,"retryReasons":[],"startAt":1783962188391,"status":"passed","title":"should parse mention at end"},{"ancestorTitles":["parseMentions"],"duration":0,"failing":false,"failureDetails":[],"failureMessages":[],"fullName":"parseMentions should handle empty string","invocations":1,"location":null,"numPassingAsserts":1,"retryReasons":[],"startAt":1783962188392,"status":"passed","title":"should handle empty string"},{"ancestorTitles":["parseMentions"],"duration":0,"failing":false,"failureDetails":[],"failureMessages":[],"fullName":"parseMentions should handle mentions with underscores and numbers","invocations":1,"location":null,"numPassingAsserts":1,"retryReasons":[],"startAt":1783962188393,"status":"passed","title":"should handle mentions with underscores and numbers"},{"ancestorTitles":["parseMentions"],"duration":1,"failing":false,"failureDetails":[],"failureMessages":[],"fullName":"parseMentions should handle consecutive mentions","invocations":1,"location":null,"numPassingAsserts":1,"retryReasons":[],"startAt":1783962188393,"status":"passed","title":"should handle consecutive mentions"},{"ancestorTitles":["parseMentions"],"duration":1,"failing":false,"failureDetails":[],"failureMessages":[],"fullName":"parseMentions should handle mentions with newlines","invocations":1,"location":null,"numPassingAsserts":1,"retryReasons":[],"startAt":1783962188394,"status":"passed","title":"should handle mentions with newlines"},{"ancestorTitles":["isValidMention"],"duration":2,"failing":false,"failureDetails":[],"failureMessages":[],"fullName":"isValidMention should validate correct usernames","invocations":1,"location":null,"numPassingAsserts":5,"retryReasons":[],"startAt":1783962188395,"status":"passed","title":"should validate correct usernames"},{"ancestorTitles":["isValidMention"],"duration":2,"failing":false,"failureDetails":[],"failureMessages":[],"fullName":"isValidMention should reject invalid usernames","invocations":1,"location":null,"numPassingAsserts":6,"retryReasons":[],"startAt":1783962188397,"status":"passed","title":"should reject invalid usernames"},{"ancestorTitles":["isValidMention"],"duration":1,"failing":false,"failureDetails":[],"failureMessages":[],"fullName":"isValidMention should reject usernames that are too long","invocations":1,"location":null,"numPassingAsserts":1,"retryReasons":[],"startAt":1783962188399,"status":"passed","title":"should reject usernames that are too long"},{"ancestorTitles":["isValidMention"],"duration":1,"failing":false,"failureDetails":[],"failureMessages":[],"fullName":"isValidMention should accept maximum length username","invocations":1,"location":null,"numPassingAsserts":1,"retryReasons":[],"startAt":1783962188400,"status":"passed","title":"should accept maximum length username"},{"ancestorTitles":["isValidMention"],"duration":1,"failing":false,"failureDetails":[],"failureMessages":[],"fullName":"isValidMention should reject null/undefined","invocations":1,"location":null,"numPassingAsserts":2,"retryReasons":[],"startAt":1783962188401,"status":"passed","title":"should reject null/undefined"},{"ancestorTitles":["isValidMention"],"duration":1,"failing":false,"failureDetails":[],"failureMessages":[],"fullName":"isValidMention should reject non-string types","invocations":1,"location":null,"numPassingAsserts":3,"retryReasons":[],"startAt":1783962188402,"status":"passed","title":"should reject non-string types"},{"ancestorTitles":["getMentionDisplay"],"duration":1,"failing":false,"failureDetails":[],"failureMessages":[],"fullName":"getMentionDisplay should prepend @ to username","invocations":1,"location":null,"numPassingAsserts":3,"retryReasons":[],"startAt":1783962188403,"status":"passed","title":"should prepend @ to username"},{"ancestorTitles":["getMentionDisplay"],"duration":0,"failing":false,"failureDetails":[],"failureMessages":[],"fullName":"getMentionDisplay should handle empty string","invocations":1,"location":null,"numPassingAsserts":1,"retryReasons":[],"startAt":1783962188405,"status":"passed","title":"should handle empty string"},{"ancestorTitles":["Edge cases and integration"],"duration":0,"failing":false,"failureDetails":[],"failureMessages":[],"fullName":"Edge cases and integration should handle mentions mixed with hashtags","invocations":1,"location":null,"numPassingAsserts":1,"retryReasons":[],"startAt":1783962188406,"status":"passed","title":"should handle mentions mixed with hashtags"},{"ancestorTitles":["Edge cases and integration"],"duration":1,"failing":false,"failureDetails":[],"failureMessages":[],"fullName":"Edge cases and integration should handle email addresses vs mentions","invocations":1,"location":null,"numPassingAsserts":1,"retryReasons":[],"startAt":1783962188407,"status":"passed","title":"should handle email addresses vs mentions"},{"ancestorTitles":["Edge cases and integration"],"duration":2,"failing":false,"failureDetails":[],"failureMessages":[],"fullName":"Edge cases and integration should handle mentions in different contexts","invocations":1,"location":null,"numPassingAsserts":6,"retryReasons":[],"startAt":1783962188408,"status":"passed","title":"should handle mentions in different contexts"},{"ancestorTitles":["Edge cases and integration"],"duration":1,"failing":false,"failureDetails":[],"failureMessages":[],"fullName":"Edge cases and integration should parse complex content correctly","invocations":1,"location":null,"numPassingAsserts":2,"retryReasons":[],"startAt":1783962188411,"status":"passed","title":"should parse complex content correctly"}],"endTime":1783962188419,"message":"","name":"D:\\ON Going Projects\\ON Going Projects\\Campus Connect\\src\\lib\\mention-utils.test.ts","startTime":1783962188064,"status":"passed","summary":""},{"assertionResults":[{"ancestorTitles":["InfiniteScrollTrigger"],"duration":34,"failing":false,"failureDetails":[],"failureMessages":[],"fullName":"InfiniteScrollTrigger should render loading indicator when isLoading is true","invocations":1,"location":null,"numPassingAsserts":1,"retryReasons":[],"startAt":1783962188311,"status":"passed","title":"should render loading indicator when isLoading is true"},{"ancestorTitles":["InfiniteScrollTrigger"],"duration":9,"failing":false,"failureDetails":[],"failureMessages":[],"fullName":"InfiniteScrollTrigger should render scroll prompt when not loading","invocations":1,"location":null,"numPassingAsserts":1,"retryReasons":[],"startAt":1783962188346,"status":"passed","title":"should render scroll prompt when not loading"},{"ancestorTitles":["InfiniteScrollTrigger"],"duration":5,"failing":false,"failureDetails":[],"failureMessages":[],"fullName":"InfiniteScrollTrigger should not render when hasMore is false","invocations":1,"location":null,"numPassingAsserts":1,"retryReasons":[],"startAt":1783962188356,"status":"passed","title":"should not render when hasMore is false"},{"ancestorTitles":["InfiniteScrollTrigger"],"duration":13,"failing":false,"failureDetails":[],"failureMessages":[],"fullName":"InfiniteScrollTrigger should create IntersectionObserver when hasMore is true","invocations":1,"location":null,"numPassingAsserts":2,"retryReasons":[],"startAt":1783962188362,"status":"passed","title":"should create IntersectionObserver when hasMore is true"},{"ancestorTitles":["InfiniteScrollTrigger"],"duration":4,"failing":false,"failureDetails":[],"failureMessages":[],"fullName":"InfiniteScrollTrigger should not create IntersectionObserver when hasMore is false","invocations":1,"location":null,"numPassingAsserts":1,"retryReasons":[],"startAt":1783962188376,"status":"passed","title":"should not create IntersectionObserver when hasMore is false"},{"ancestorTitles":["InfiniteScrollTrigger"],"duration":6,"failing":false,"failureDetails":[],"failureMessages":[],"fullName":"InfiniteScrollTrigger should not create IntersectionObserver when isLoading is true","invocations":1,"location":null,"numPassingAsserts":1,"retryReasons":[],"startAt":1783962188381,"status":"passed","title":"should not create IntersectionObserver when isLoading is true"},{"ancestorTitles":["InfiniteScrollTrigger"],"duration":7,"failing":false,"failureDetails":[],"failureMessages":[],"fullName":"InfiniteScrollTrigger should call onTrigger when element becomes visible","invocations":1,"location":null,"numPassingAsserts":1,"retryReasons":[],"startAt":1783962188388,"status":"passed","title":"should call onTrigger when element becomes visible"},{"ancestorTitles":["InfiniteScrollTrigger"],"duration":8,"failing":false,"failureDetails":[],"failureMessages":[],"fullName":"InfiniteScrollTrigger should not call onTrigger when element is not intersecting","invocations":1,"location":null,"numPassingAsserts":1,"retryReasons":[],"startAt":1783962188395,"status":"passed","title":"should not call onTrigger when element is not intersecting"},{"ancestorTitles":["InfiniteScrollTrigger"],"duration":8,"failing":false,"failureDetails":[],"failureMessages":[],"fullName":"InfiniteScrollTrigger should cleanup observer on unmount","invocations":1,"location":null,"numPassingAsserts":1,"retryReasons":[],"startAt":1783962188404,"status":"passed","title":"should cleanup observer on unmount"}],"endTime":1783962188419,"message":"","name":"D:\\ON Going Projects\\ON Going Projects\\Campus Connect\\src\\components\\feed\\InfiniteScrollTrigger.test.tsx","startTime":1783962187967,"status":"passed","summary":""}],"wasInterrupted":false}
